Connecting to database specified by database.yml


Started GET "/assets/rails.png" for 127.0.0.1 at 2013-04-02 16:22:21 +0900
Served asset /rails.png - 200 OK (12ms)


Started GET "/wine" for 127.0.0.1 at 2013-04-02 16:22:25 +0900

ActionController::RoutingError (No route matches [GET] "/wine"):
  actionpack (3.2.13) lib/action_dispatch/middleware/debug_exceptions.rb:21:in `call'
  actionpack (3.2.13) lib/action_dispatch/middleware/show_exceptions.rb:56:in `call'
  railties (3.2.13) lib/rails/rack/logger.rb:32:in `call_app'
  railties (3.2.13) lib/rails/rack/logger.rb:16:in `block in call'
  activesupport (3.2.13) lib/active_support/tagged_logging.rb:22:in `tagged'
  railties (3.2.13) lib/rails/rack/logger.rb:16:in `call'
  actionpack (3.2.13) lib/action_dispatch/middleware/request_id.rb:22:in `call'
  rack (1.4.5) lib/rack/methodoverride.rb:21:in `call'
  rack (1.4.5) lib/rack/runtime.rb:17:in `call'
  activesupport (3.2.13) lib/active_support/cache/strategy/local_cache.rb:72:in `call'
  rack (1.4.5) lib/rack/lock.rb:15:in `call'
  actionpack (3.2.13) lib/action_dispatch/middleware/static.rb:63:in `call'
  railties (3.2.13) lib/rails/engine.rb:479:in `call'
  railties (3.2.13) lib/rails/application.rb:223:in `call'
  rack (1.4.5) lib/rack/content_length.rb:14:in `call'
  railties (3.2.13) lib/rails/rack/log_tailer.rb:17:in `call'
  rack (1.4.5) lib/rack/handler/webrick.rb:59:in `service'
  /Users/skd/.rbenv/versions/1.9.3-p392/lib/ruby/1.9.1/webrick/httpserver.rb:138:in `service'
  /Users/skd/.rbenv/versions/1.9.3-p392/lib/ruby/1.9.1/webrick/httpserver.rb:94:in `run'
  /Users/skd/.rbenv/versions/1.9.3-p392/lib/ruby/1.9.1/webrick/server.rb:191:in `block in start_thread'


  Rendered /Users/skd/.rbenv/versions/1.9.3-p392/lib/ruby/gems/1.9.1/gems/actionpack-3.2.13/lib/action_dispatch/middleware/templates/rescues/routing_error.erb within rescues/layout (6.7ms)


Started GET "/wines" for 127.0.0.1 at 2013-04-02 16:22:28 +0900
Processing by WinesController#index as HTML
Completed 500 Internal Server Error in 67ms

ActiveRecord::StatementInvalid (Could not find table 'wines'):
  app/controllers/wines_controller.rb:8:in `index'


  Rendered /Users/skd/.rbenv/versions/1.9.3-p392/lib/ruby/gems/1.9.1/gems/actionpack-3.2.13/lib/action_dispatch/middleware/templates/rescues/_trace.erb (3.1ms)
  Rendered /Users/skd/.rbenv/versions/1.9.3-p392/lib/ruby/gems/1.9.1/gems/actionpack-3.2.13/lib/action_dispatch/middleware/templates/rescues/_request_and_response.erb (1.6ms)
  Rendered /Users/skd/.rbenv/versions/1.9.3-p392/lib/ruby/gems/1.9.1/gems/actionpack-3.2.13/lib/action_dispatch/middleware/templates/rescues/diagnostics.erb within rescues/layout (18.5ms)


Started GET "/wines" for 127.0.0.1 at 2013-04-02 16:22:36 +0900
Processing by WinesController#index as HTML
Completed 500 Internal Server Error in 2ms

ActiveRecord::StatementInvalid (Could not find table 'wines'):
  app/controllers/wines_controller.rb:8:in `index'


  Rendered /Users/skd/.rbenv/versions/1.9.3-p392/lib/ruby/gems/1.9.1/gems/actionpack-3.2.13/lib/action_dispatch/middleware/templates/rescues/_trace.erb (3.1ms)
  Rendered /Users/skd/.rbenv/versions/1.9.3-p392/lib/ruby/gems/1.9.1/gems/actionpack-3.2.13/lib/action_dispatch/middleware/templates/rescues/_request_and_response.erb (2.2ms)
  Rendered /Users/skd/.rbenv/versions/1.9.3-p392/lib/ruby/gems/1.9.1/gems/actionpack-3.2.13/lib/action_dispatch/middleware/templates/rescues/diagnostics.erb within rescues/layout (17.3ms)
Connecting to database specified by database.yml
  [1m[36m (0.2ms)[0m  [1mselect sqlite_version(*)[0m
  [1m[35m (2.8ms)[0m  CREATE TABLE "schema_migrations" ("version" varchar(255) NOT NULL) 
  [1m[36m (1.0ms)[0m  [1mCREATE UNIQUE INDEX "unique_schema_migrations" ON "schema_migrations" ("version")[0m
  [1m[35m (3.0ms)[0m  SELECT "schema_migrations"."version" FROM "schema_migrations" 
Migrating to CreateWines (20130331053650)
  [1m[36m (0.0ms)[0m  [1mbegin transaction[0m
  [1m[35m (0.4ms)[0m  CREATE TABLE "wines" ("id" INTEGER PRIMARY KEY AUTOINCREMENT NOT NULL, "wine_name" varchar(255), "comments" varchar(255), "price" decimal, "created_at" datetime NOT NULL, "updated_at" datetime NOT NULL) 
  [1m[36m (0.1ms)[0m  [1mINSERT INTO "schema_migrations" ("version") VALUES ('20130331053650')[0m
  [1m[35m (0.9ms)[0m  commit transaction
Migrating to CreateAnlyzeResults (20130401131534)
  [1m[36m (0.1ms)[0m  [1mbegin transaction[0m
  [1m[35m (0.4ms)[0m  CREATE TABLE "analyze_results" ("id" INTEGER PRIMARY KEY AUTOINCREMENT NOT NULL, "wine_id" varchar(255), "word" varchar(255), "remarks" varchar(255), "count" integer, "created_at" datetime NOT NULL, "updated_at" datetime NOT NULL) 
  [1m[36m (0.1ms)[0m  [1mINSERT INTO "schema_migrations" ("version") VALUES ('20130401131534')[0m
  [1m[35m (1.0ms)[0m  commit transaction
Migrating to AnlyzeResults (20130401131705)
  [1m[36m (0.1ms)[0m  [1mbegin transaction[0m
  [1m[35m (0.3ms)[0m  CREATE TABLE "analyze_results" ("id" INTEGER PRIMARY KEY AUTOINCREMENT NOT NULL, "wine_id" varchar(255), "word" varchar(255), "remarks" varchar(255), "count" integer, "created_at" datetime NOT NULL, "updated_at" datetime NOT NULL) 
SQLite3::SQLException: table "analyze_results" already exists: CREATE TABLE "analyze_results" ("id" INTEGER PRIMARY KEY AUTOINCREMENT NOT NULL, "wine_id" varchar(255), "word" varchar(255), "remarks" varchar(255), "count" integer, "created_at" datetime NOT NULL, "updated_at" datetime NOT NULL) 
  [1m[36m (0.1ms)[0m  [1mrollback transaction[0m
Connecting to database specified by database.yml


Started GET "/wines" for 127.0.0.1 at 2013-04-02 16:23:34 +0900
Processing by WinesController#index as HTML
  [1m[36mWine Load (0.1ms)[0m  [1mSELECT "wines".* FROM "wines" [0m
  Rendered wines/index.html.erb within layouts/application (6.1ms)
Compiled analyze.css  (45ms)  (pid 3467)
Compiled scaffolds.css  (22ms)  (pid 3467)
Compiled wines.css  (3ms)  (pid 3467)
Compiled wines/analyze.css  (4ms)  (pid 3467)
Compiled application.css  (171ms)  (pid 3467)
Compiled jquery.js  (3ms)  (pid 3467)
Compiled jquery_ujs.js  (1ms)  (pid 3467)
Compiled analyze.js  (82ms)  (pid 3467)
Compiled wines.js  (69ms)  (pid 3467)
Compiled wines/analyze.js  (71ms)  (pid 3467)
Compiled application.js  (387ms)  (pid 3467)
Completed 200 OK in 732ms (Views: 687.9ms | ActiveRecord: 4.3ms)


Started GET "/assets/application.css?body=1" for 127.0.0.1 at 2013-04-02 16:23:35 +0900
Served asset /application.css - 200 OK (29ms)


Started GET "/assets/analyze.css?body=1" for 127.0.0.1 at 2013-04-02 16:23:35 +0900
Served asset /analyze.css - 200 OK (6ms)


Started GET "/assets/wines/analyze.css?body=1" for 127.0.0.1 at 2013-04-02 16:23:35 +0900
Served asset /wines/analyze.css - 200 OK (8ms)


Started GET "/assets/jquery.js?body=1" for 127.0.0.1 at 2013-04-02 16:23:35 +0900
Served asset /jquery.js - 200 OK (7ms)


Started GET "/assets/scaffolds.css?body=1" for 127.0.0.1 at 2013-04-02 16:23:35 +0900
Served asset /scaffolds.css - 200 OK (3ms)


Started GET "/assets/wines.css?body=1" for 127.0.0.1 at 2013-04-02 16:23:35 +0900
Served asset /wines.css - 200 OK (5ms)


Started GET "/assets/jquery_ujs.js?body=1" for 127.0.0.1 at 2013-04-02 16:23:35 +0900
Served asset /jquery_ujs.js - 200 OK (5ms)


Started GET "/assets/analyze.js?body=1" for 127.0.0.1 at 2013-04-02 16:23:35 +0900
Served asset /analyze.js - 200 OK (4ms)


Started GET "/assets/wines.js?body=1" for 127.0.0.1 at 2013-04-02 16:23:35 +0900
Served asset /wines.js - 200 OK (4ms)


Started GET "/assets/wines/analyze.js?body=1" for 127.0.0.1 at 2013-04-02 16:23:35 +0900
Served asset /wines/analyze.js - 200 OK (4ms)


Started GET "/assets/application.js?body=1" for 127.0.0.1 at 2013-04-02 16:23:35 +0900
Served asset /application.js - 200 OK (45ms)


Started GET "/wines/new" for 127.0.0.1 at 2013-04-02 16:23:36 +0900
Processing by WinesController#new as HTML
  Rendered wines/_form.html.erb (22.8ms)
  Rendered wines/new.html.erb within layouts/application (32.6ms)
Completed 200 OK in 99ms (Views: 88.4ms | ActiveRecord: 0.0ms)


Started POST "/wines" for 127.0.0.1 at 2013-04-02 16:23:43 +0900
Processing by WinesController#create as HTML
  Parameters: {"utf8"=>"âœ“", "authenticity_token"=>"PkSJQzkThsgfbmQ3VGuLZ+RFvfH8aeVtv7FrKXcBrDU=", "wine"=>{"id"=>"1", "wine_name"=>"wine1", "comments"=>"aaa", "price"=>"1000"}, "commit"=>"Create Wine"}
  [1m[35m (0.1ms)[0m  begin transaction
  [1m[36mSQL (47.0ms)[0m  [1mINSERT INTO "wines" ("comments", "created_at", "id", "price", "updated_at", "wine_name") VALUES (?, ?, ?, ?, ?, ?)[0m  [["comments", "aaa"], ["created_at", Tue, 02 Apr 2013 07:23:43 UTC +00:00], ["id", 1], ["price", #<BigDecimal:7fdad1cb9e78,'0.1E4',9(18)>], ["updated_at", Tue, 02 Apr 2013 07:23:43 UTC +00:00], ["wine_name", "wine1"]]
  [1m[35m (1.0ms)[0m  commit transaction
Completed 500 Internal Server Error in 55ms

ArgumentError (wrong number of arguments (1 for 2)):
  app/controllers/wines_controller.rb:96:in `save_analyze_result'
  app/controllers/wines_controller.rb:50:in `block in create'
  app/controllers/wines_controller.rb:48:in `create'


  Rendered /Users/skd/.rbenv/versions/1.9.3-p392/lib/ruby/gems/1.9.1/gems/actionpack-3.2.13/lib/action_dispatch/middleware/templates/rescues/_trace.erb (3.4ms)
  Rendered /Users/skd/.rbenv/versions/1.9.3-p392/lib/ruby/gems/1.9.1/gems/actionpack-3.2.13/lib/action_dispatch/middleware/templates/rescues/_request_and_response.erb (1.8ms)
  Rendered /Users/skd/.rbenv/versions/1.9.3-p392/lib/ruby/gems/1.9.1/gems/actionpack-3.2.13/lib/action_dispatch/middleware/templates/rescues/diagnostics.erb within rescues/layout (19.2ms)


Started POST "/wines" for 127.0.0.1 at 2013-04-02 16:24:44 +0900
Processing by WinesController#create as HTML
  Parameters: {"utf8"=>"âœ“", "authenticity_token"=>"PkSJQzkThsgfbmQ3VGuLZ+RFvfH8aeVtv7FrKXcBrDU=", "wine"=>{"id"=>"1", "wine_name"=>"wine1", "comments"=>"aaa", "price"=>"1000"}, "commit"=>"Create Wine"}
  [1m[36mWine Load (0.2ms)[0m  [1mSELECT "wines".* FROM "wines" [0m
  [1m[35m (0.1ms)[0m  begin transaction
  [1m[36mSQL (0.8ms)[0m  [1mINSERT INTO "wines" ("comments", "created_at", "id", "price", "updated_at", "wine_name") VALUES (?, ?, ?, ?, ?, ?)[0m  [["comments", "aaa"], ["created_at", Tue, 02 Apr 2013 07:24:44 UTC +00:00], ["id", 1], ["price", #<BigDecimal:7fdad1d5ec48,'0.1E4',9(18)>], ["updated_at", Tue, 02 Apr 2013 07:24:44 UTC +00:00], ["wine_name", "wine1"]]
SQLite3::ConstraintException: PRIMARY KEY must be unique: INSERT INTO "wines" ("comments", "created_at", "id", "price", "updated_at", "wine_name") VALUES (?, ?, ?, ?, ?, ?)
  [1m[35m (0.1ms)[0m  rollback transaction
Completed 500 Internal Server Error in 17ms

ActiveRecord::StatementInvalid (SQLite3::ConstraintException: PRIMARY KEY must be unique: INSERT INTO "wines" ("comments", "created_at", "id", "price", "updated_at", "wine_name") VALUES (?, ?, ?, ?, ?, ?)):
  app/controllers/wines_controller.rb:50:in `block in create'
  app/controllers/wines_controller.rb:49:in `create'


  Rendered /Users/skd/.rbenv/versions/1.9.3-p392/lib/ruby/gems/1.9.1/gems/actionpack-3.2.13/lib/action_dispatch/middleware/templates/rescues/_trace.erb (2.3ms)
  Rendered /Users/skd/.rbenv/versions/1.9.3-p392/lib/ruby/gems/1.9.1/gems/actionpack-3.2.13/lib/action_dispatch/middleware/templates/rescues/_request_and_response.erb (1.7ms)
  Rendered /Users/skd/.rbenv/versions/1.9.3-p392/lib/ruby/gems/1.9.1/gems/actionpack-3.2.13/lib/action_dispatch/middleware/templates/rescues/diagnostics.erb within rescues/layout (15.4ms)


Started POST "/wines" for 127.0.0.1 at 2013-04-02 16:38:32 +0900
Processing by WinesController#create as HTML
  Parameters: {"utf8"=>"âœ“", "authenticity_token"=>"PkSJQzkThsgfbmQ3VGuLZ+RFvfH8aeVtv7FrKXcBrDU=", "wine"=>{"id"=>"1", "wine_name"=>"wine1", "comments"=>"aaa", "price"=>"1000"}, "commit"=>"Create Wine"}
  [1m[36mWine Load (0.2ms)[0m  [1mSELECT "wines".* FROM "wines" [0m
  [1m[35m (0.1ms)[0m  begin transaction
  [1m[36mSQL (0.6ms)[0m  [1mINSERT INTO "wines" ("comments", "created_at", "id", "price", "updated_at", "wine_name") VALUES (?, ?, ?, ?, ?, ?)[0m  [["comments", "aaa"], ["created_at", Tue, 02 Apr 2013 07:38:32 UTC +00:00], ["id", 1], ["price", #<BigDecimal:7fdad1de3f88,'0.1E4',9(18)>], ["updated_at", Tue, 02 Apr 2013 07:38:32 UTC +00:00], ["wine_name", "wine1"]]
SQLite3::ConstraintException: PRIMARY KEY must be unique: INSERT INTO "wines" ("comments", "created_at", "id", "price", "updated_at", "wine_name") VALUES (?, ?, ?, ?, ?, ?)
  [1m[35m (0.1ms)[0m  rollback transaction
Completed 500 Internal Server Error in 4ms

ActiveRecord::StatementInvalid (SQLite3::ConstraintException: PRIMARY KEY must be unique: INSERT INTO "wines" ("comments", "created_at", "id", "price", "updated_at", "wine_name") VALUES (?, ?, ?, ?, ?, ?)):
  app/controllers/wines_controller.rb:50:in `block in create'
  app/controllers/wines_controller.rb:49:in `create'


  Rendered /Users/skd/.rbenv/versions/1.9.3-p392/lib/ruby/gems/1.9.1/gems/actionpack-3.2.13/lib/action_dispatch/middleware/templates/rescues/_trace.erb (4.3ms)
  Rendered /Users/skd/.rbenv/versions/1.9.3-p392/lib/ruby/gems/1.9.1/gems/actionpack-3.2.13/lib/action_dispatch/middleware/templates/rescues/_request_and_response.erb (1.9ms)
  Rendered /Users/skd/.rbenv/versions/1.9.3-p392/lib/ruby/gems/1.9.1/gems/actionpack-3.2.13/lib/action_dispatch/middleware/templates/rescues/diagnostics.erb within rescues/layout (20.5ms)


Started POST "/wines" for 127.0.0.1 at 2013-04-02 16:38:49 +0900
Processing by WinesController#create as HTML
  Parameters: {"utf8"=>"âœ“", "authenticity_token"=>"PkSJQzkThsgfbmQ3VGuLZ+RFvfH8aeVtv7FrKXcBrDU=", "wine"=>{"id"=>"1", "wine_name"=>"wine1", "comments"=>"aaa", "price"=>"1000"}, "commit"=>"Create Wine"}
  [1m[36mWine Load (0.2ms)[0m  [1mSELECT "wines".* FROM "wines" [0m
  [1m[35m (0.1ms)[0m  begin transaction
  [1m[36mSQL (0.8ms)[0m  [1mINSERT INTO "wines" ("comments", "created_at", "id", "price", "updated_at", "wine_name") VALUES (?, ?, ?, ?, ?, ?)[0m  [["comments", "aaa"], ["created_at", Tue, 02 Apr 2013 07:38:49 UTC +00:00], ["id", 1], ["price", #<BigDecimal:7fdad1cff9a0,'0.1E4',9(18)>], ["updated_at", Tue, 02 Apr 2013 07:38:49 UTC +00:00], ["wine_name", "wine1"]]
SQLite3::ConstraintException: PRIMARY KEY must be unique: INSERT INTO "wines" ("comments", "created_at", "id", "price", "updated_at", "wine_name") VALUES (?, ?, ?, ?, ?, ?)
  [1m[35m (0.1ms)[0m  rollback transaction
Completed 500 Internal Server Error in 5ms

ActiveRecord::StatementInvalid (SQLite3::ConstraintException: PRIMARY KEY must be unique: INSERT INTO "wines" ("comments", "created_at", "id", "price", "updated_at", "wine_name") VALUES (?, ?, ?, ?, ?, ?)):
  app/controllers/wines_controller.rb:50:in `block in create'
  app/controllers/wines_controller.rb:49:in `create'


  Rendered /Users/skd/.rbenv/versions/1.9.3-p392/lib/ruby/gems/1.9.1/gems/actionpack-3.2.13/lib/action_dispatch/middleware/templates/rescues/_trace.erb (2.4ms)
  Rendered /Users/skd/.rbenv/versions/1.9.3-p392/lib/ruby/gems/1.9.1/gems/actionpack-3.2.13/lib/action_dispatch/middleware/templates/rescues/_request_and_response.erb (1.9ms)
  Rendered /Users/skd/.rbenv/versions/1.9.3-p392/lib/ruby/gems/1.9.1/gems/actionpack-3.2.13/lib/action_dispatch/middleware/templates/rescues/diagnostics.erb within rescues/layout (15.8ms)
Connecting to database specified by database.yml
  [1m[36m (3.0ms)[0m  [1mSELECT "schema_migrations"."version" FROM "schema_migrations" [0m
Migrating to CreateWines (20130331053650)
Migrating to CreateAnlyzeResults (20130401131534)
Migrating to AnlyzeResults (20130401131705)
  [1m[35m (0.0ms)[0m  select sqlite_version(*)
  [1m[36m (0.1ms)[0m  [1mbegin transaction[0m
  [1m[35m (0.3ms)[0m  CREATE TABLE "analyze_results" ("id" INTEGER PRIMARY KEY AUTOINCREMENT NOT NULL, "wine_id" varchar(255), "word" varchar(255), "remarks" varchar(255), "count" integer, "created_at" datetime NOT NULL, "updated_at" datetime NOT NULL) 
SQLite3::SQLException: table "analyze_results" already exists: CREATE TABLE "analyze_results" ("id" INTEGER PRIMARY KEY AUTOINCREMENT NOT NULL, "wine_id" varchar(255), "word" varchar(255), "remarks" varchar(255), "count" integer, "created_at" datetime NOT NULL, "updated_at" datetime NOT NULL) 
  [1m[36m (0.1ms)[0m  [1mrollback transaction[0m
Connecting to database specified by database.yml
  [1m[36m (3.1ms)[0m  [1mSELECT "schema_migrations"."version" FROM "schema_migrations" [0m
Migrating to CreateWines (20130331053650)
Migrating to CreateAnlyzeResults (20130401131534)
Migrating to AnlyzeResults (20130401131705)
  [1m[35m (0.1ms)[0m  select sqlite_version(*)
  [1m[36m (0.1ms)[0m  [1mbegin transaction[0m
  [1m[35m (0.5ms)[0m  CREATE TABLE "analyze_results" ("id" INTEGER PRIMARY KEY AUTOINCREMENT NOT NULL, "wine_id" varchar(255), "word" varchar(255), "remarks" varchar(255), "count" integer, "created_at" datetime NOT NULL, "updated_at" datetime NOT NULL) 
  [1m[36m (0.2ms)[0m  [1mINSERT INTO "schema_migrations" ("version") VALUES ('20130401131705')[0m
  [1m[35m (2.2ms)[0m  commit transaction
  [1m[36m (0.2ms)[0m  [1mSELECT "schema_migrations"."version" FROM "schema_migrations" [0m
Connecting to database specified by database.yml


Started POST "/wines" for 127.0.0.1 at 2013-04-02 16:56:23 +0900
Processing by WinesController#create as HTML
  Parameters: {"utf8"=>"âœ“", "authenticity_token"=>"PkSJQzkThsgfbmQ3VGuLZ+RFvfH8aeVtv7FrKXcBrDU=", "wine"=>{"id"=>"1", "wine_name"=>"wine1", "comments"=>"aaa", "price"=>"1000"}, "commit"=>"Create Wine"}
Completed 500 Internal Server Error in 38ms

ActiveRecord::StatementInvalid (Could not find table 'wines'):
  app/controllers/wines_controller.rb:46:in `new'
  app/controllers/wines_controller.rb:46:in `create'


  Rendered /Users/skd/.rbenv/versions/1.9.3-p392/lib/ruby/gems/1.9.1/gems/actionpack-3.2.13/lib/action_dispatch/middleware/templates/rescues/_trace.erb (2.1ms)
  Rendered /Users/skd/.rbenv/versions/1.9.3-p392/lib/ruby/gems/1.9.1/gems/actionpack-3.2.13/lib/action_dispatch/middleware/templates/rescues/_request_and_response.erb (1.8ms)
  Rendered /Users/skd/.rbenv/versions/1.9.3-p392/lib/ruby/gems/1.9.1/gems/actionpack-3.2.13/lib/action_dispatch/middleware/templates/rescues/diagnostics.erb within rescues/layout (41.1ms)
Connecting to database specified by database.yml
  [1m[36m (3.1ms)[0m  [1mSELECT "schema_migrations"."version" FROM "schema_migrations" [0m
Migrating to CreateWines (20130331053650)
Migrating to CreateAnlyzeResults (20130401131534)
Migrating to AnlyzeResults (20130401131705)
  [1m[35m (0.1ms)[0m  select sqlite_version(*)
  [1m[36m (0.1ms)[0m  [1mSELECT "schema_migrations"."version" FROM "schema_migrations" [0m
Connecting to database specified by database.yml
  [1m[36m (3.0ms)[0m  [1mSELECT "schema_migrations"."version" FROM "schema_migrations" [0m
Migrating to CreateWines (20130331053650)
Migrating to CreateAnlyzeResults (20130401131534)
Migrating to AnlyzeResults (20130401131705)
  [1m[35m (0.1ms)[0m  select sqlite_version(*)
  [1m[36m (0.1ms)[0m  [1mSELECT "schema_migrations"."version" FROM "schema_migrations" [0m
Connecting to database specified by database.yml
  [1m[36m (2.9ms)[0m  [1mSELECT "schema_migrations"."version" FROM "schema_migrations" [0m
Migrating to CreateWines (20130331053650)
Migrating to CreateAnlyzeResults (20130401131534)
Migrating to AnlyzeResults (20130401131705)
  [1m[35m (0.1ms)[0m  select sqlite_version(*)
  [1m[36m (0.1ms)[0m  [1mSELECT "schema_migrations"."version" FROM "schema_migrations" [0m
Connecting to database specified by database.yml
Connecting to database specified by database.yml
Connecting to database specified by database.yml
Connecting to database specified by database.yml
  [1m[36m (3.0ms)[0m  [1mSELECT "schema_migrations"."version" FROM "schema_migrations" [0m
Migrating to CreateWines (20130331053650)
Migrating to CreateAnlyzeResults (20130401131534)
Migrating to AnlyzeResults (20130401131705)
Migrating to CreateWineTable (20130402080155)
  [1m[35m (0.1ms)[0m  select sqlite_version(*)
  [1m[36m (0.1ms)[0m  [1mbegin transaction[0m
  [1m[35m (0.1ms)[0m  rollback transaction
Connecting to database specified by database.yml
Connecting to database specified by database.yml
  [1m[36m (3.1ms)[0m  [1mSELECT "schema_migrations"."version" FROM "schema_migrations" [0m
Migrating to CreateAnlyzeResults (20130401131534)
Migrating to AnlyzeResults (20130401131705)
Migrating to CreateWines (20130402080155)
  [1m[35m (0.1ms)[0m  select sqlite_version(*)
  [1m[36m (0.1ms)[0m  [1mbegin transaction[0m
  [1m[35m (0.5ms)[0m  CREATE TABLE "wines" ("wine_id" varchar(255), "wine_name" varchar(255), "comments" varchar(255), "price" decimal, "created_at" datetime NOT NULL, "updated_at" datetime NOT NULL) 
  [1m[36m (0.2ms)[0m  [1mALTER TABLE wines ADD PRIMARY KEY (wine_id);[0m
SQLite3::SQLException: near "PRIMARY": syntax error: ALTER TABLE wines ADD PRIMARY KEY (wine_id);
  [1m[35m (2.0ms)[0m  rollback transaction
Connecting to database specified by database.yml
  [1m[36m (3.1ms)[0m  [1mSELECT "schema_migrations"."version" FROM "schema_migrations" [0m
Migrating to CreateAnlyzeResults (20130401131534)
Migrating to AnlyzeResults (20130401131705)
Migrating to CreateWines (20130402080155)
  [1m[35m (0.1ms)[0m  select sqlite_version(*)
  [1m[36m (0.1ms)[0m  [1mbegin transaction[0m
  [1m[35m (0.5ms)[0m  CREATE TABLE "wines" ("wine_id" varchar(255), "wine_name" varchar(255), "comments" varchar(255), "price" decimal, "created_at" datetime NOT NULL, "updated_at" datetime NOT NULL) 
  [1m[36m (0.2ms)[0m  [1mALTER TABLE wines ADD PRIMARY KEY (wine_id);[0m
SQLite3::SQLException: near "PRIMARY": syntax error: ALTER TABLE wines ADD PRIMARY KEY (wine_id);
  [1m[35m (1.9ms)[0m  rollback transaction
Connecting to database specified by database.yml
  [1m[36m (3.0ms)[0m  [1mSELECT "schema_migrations"."version" FROM "schema_migrations" [0m
Migrating to CreateAnlyzeResults (20130401131534)
Migrating to AnlyzeResults (20130401131705)
Migrating to CreateWines (20130402080155)
  [1m[35m (0.1ms)[0m  select sqlite_version(*)
  [1m[36m (0.1ms)[0m  [1mbegin transaction[0m
  [1m[35m (0.4ms)[0m  CREATE TABLE "wines" ("wine_id" varchar(255), "wine_name" varchar(255), "comments" varchar(255), "price" decimal, "created_at" datetime NOT NULL, "updated_at" datetime NOT NULL) 
  [1m[36m (0.2ms)[0m  [1mALTER TABLE wines ADD PRIMARY KEY (wine_id);[0m
SQLite3::SQLException: near "PRIMARY": syntax error: ALTER TABLE wines ADD PRIMARY KEY (wine_id);
  [1m[35m (1.8ms)[0m  rollback transaction
Connecting to database specified by database.yml
  [1m[36m (3.0ms)[0m  [1mSELECT "schema_migrations"."version" FROM "schema_migrations" [0m
Migrating to CreateAnlyzeResults (20130401131534)
Migrating to AnlyzeResults (20130401131705)
Migrating to CreateWines (20130402080155)
  [1m[35m (0.0ms)[0m  select sqlite_version(*)
  [1m[36m (0.1ms)[0m  [1mbegin transaction[0m
  [1m[35m (0.8ms)[0m  CREATE TABLE "wines" ("wine_id" varchar(255), "wine_name" varchar(255), "comments" varchar(255), "price" decimal, "created_at" datetime NOT NULL, "updated_at" datetime NOT NULL) 
  [1m[36m (0.2ms)[0m  [1mALTER TABLE wines ADD PRIMARY KEY (wine_id);[0m
SQLite3::SQLException: near "PRIMARY": syntax error: ALTER TABLE wines ADD PRIMARY KEY (wine_id);
  [1m[35m (0.4ms)[0m  rollback transaction
Connecting to database specified by database.yml
  [1m[36m (3.1ms)[0m  [1mSELECT "schema_migrations"."version" FROM "schema_migrations" [0m
Migrating to CreateAnlyzeResults (20130401131534)
Migrating to AnlyzeResults (20130401131705)
Migrating to CreateWines (20130402080155)
  [1m[35m (0.1ms)[0m  select sqlite_version(*)
  [1m[36m (0.1ms)[0m  [1mbegin transaction[0m
  [1m[35m (0.5ms)[0m  CREATE TABLE "wines" ("wine_id" INTEGER PRIMARY KEY AUTOINCREMENT NOT NULL, "wine_name" varchar(255), "comments" varchar(255), "price" decimal, "created_at" datetime NOT NULL, "updated_at" datetime NOT NULL) 
  [1m[36m (0.1ms)[0m  [1mINSERT INTO "schema_migrations" ("version") VALUES ('20130402080155')[0m
  [1m[35m (2.7ms)[0m  commit transaction
  [1m[36m (0.2ms)[0m  [1mSELECT "schema_migrations"."version" FROM "schema_migrations" [0m
Connecting to database specified by database.yml
  [1m[36m (3.1ms)[0m  [1mSELECT "schema_migrations"."version" FROM "schema_migrations" [0m
Migrating to CreateAnlyzeResults (20130401131534)
Migrating to AnlyzeResults (20130401131705)
Migrating to CreateWines (20130402080155)
  [1m[35m (0.1ms)[0m  select sqlite_version(*)
  [1m[36m (0.1ms)[0m  [1mSELECT "schema_migrations"."version" FROM "schema_migrations" [0m
Connecting to database specified by database.yml


Started POST "/wines" for 127.0.0.1 at 2013-04-02 17:06:59 +0900
Processing by WinesController#create as HTML
  Parameters: {"utf8"=>"âœ“", "authenticity_token"=>"PkSJQzkThsgfbmQ3VGuLZ+RFvfH8aeVtv7FrKXcBrDU=", "wine"=>{"id"=>"1", "wine_name"=>"wine1", "comments"=>"aaa", "price"=>"1000"}, "commit"=>"Create Wine"}
  [1m[36mWine Load (0.1ms)[0m  [1mSELECT "wines".* FROM "wines" [0m
  [1m[35m (0.1ms)[0m  begin transaction
  [1m[36mSQL (12.1ms)[0m  [1mINSERT INTO "wines" ("comments", "created_at", "price", "updated_at", "wine_id", "wine_name") VALUES (?, ?, ?, ?, ?, ?)[0m  [["comments", "aaa"], ["created_at", Tue, 02 Apr 2013 08:07:00 UTC +00:00], ["price", #<BigDecimal:7fab3594f768,'0.1E4',9(18)>], ["updated_at", Tue, 02 Apr 2013 08:07:00 UTC +00:00], ["wine_id", 1], ["wine_name", "wine1"]]
  [1m[35m (2.9ms)[0m  commit transaction
Redirected to http://localhost:3000/wines/1
Completed 302 Found in 69ms (ActiveRecord: 19.2ms)


Started GET "/wines/1" for 127.0.0.1 at 2013-04-02 17:07:00 +0900
Processing by WinesController#show as HTML
  Parameters: {"id"=>"1"}
  [1m[36mWine Load (0.3ms)[0m  [1mSELECT "wines".* FROM "wines" WHERE "wines"."wine_id" = ? LIMIT 1[0m  [["wine_id", "1"]]
  Rendered wines/show.html.erb within layouts/application (6.7ms)
Completed 200 OK in 143ms (Views: 138.4ms | ActiveRecord: 0.3ms)


Started GET "/assets/application.css?body=1" for 127.0.0.1 at 2013-04-02 17:07:01 +0900
Served asset /application.css - 304 Not Modified (57ms)


Started GET "/assets/wines.css?body=1" for 127.0.0.1 at 2013-04-02 17:07:01 +0900
Served asset /wines.css - 304 Not Modified (3ms)


Started GET "/assets/analyze.css?body=1" for 127.0.0.1 at 2013-04-02 17:07:01 +0900
Served asset /analyze.css - 304 Not Modified (4ms)


Started GET "/assets/scaffolds.css?body=1" for 127.0.0.1 at 2013-04-02 17:07:01 +0900
Served asset /scaffolds.css - 304 Not Modified (3ms)


Started GET "/assets/wines/analyze.css?body=1" for 127.0.0.1 at 2013-04-02 17:07:01 +0900
Served asset /wines/analyze.css - 304 Not Modified (3ms)


Started GET "/assets/jquery.js?body=1" for 127.0.0.1 at 2013-04-02 17:07:01 +0900
Served asset /jquery.js - 304 Not Modified (7ms)


Started GET "/assets/jquery_ujs.js?body=1" for 127.0.0.1 at 2013-04-02 17:07:01 +0900
Served asset /jquery_ujs.js - 304 Not Modified (4ms)


Started GET "/assets/analyze.js?body=1" for 127.0.0.1 at 2013-04-02 17:07:01 +0900
Served asset /analyze.js - 304 Not Modified (4ms)


Started GET "/assets/wines.js?body=1" for 127.0.0.1 at 2013-04-02 17:07:01 +0900
Served asset /wines.js - 304 Not Modified (3ms)


Started GET "/assets/wines/analyze.js?body=1" for 127.0.0.1 at 2013-04-02 17:07:01 +0900
Served asset /wines/analyze.js - 304 Not Modified (4ms)


Started GET "/assets/application.js?body=1" for 127.0.0.1 at 2013-04-02 17:07:01 +0900
Served asset /application.js - 304 Not Modified (46ms)


Started GET "/wines" for 127.0.0.1 at 2013-04-02 17:07:03 +0900
Processing by WinesController#index as HTML
  [1m[35mWine Load (0.2ms)[0m  SELECT "wines".* FROM "wines" 
  Rendered wines/index.html.erb within layouts/application (5.1ms)
Completed 200 OK in 73ms (Views: 70.6ms | ActiveRecord: 0.2ms)


Started GET "/assets/application.css?body=1" for 127.0.0.1 at 2013-04-02 17:07:03 +0900
Served asset /application.css - 304 Not Modified (0ms)


Started GET "/assets/wines.css?body=1" for 127.0.0.1 at 2013-04-02 17:07:03 +0900
Served asset /wines.css - 304 Not Modified (0ms)


Started GET "/assets/wines/analyze.css?body=1" for 127.0.0.1 at 2013-04-02 17:07:03 +0900
Served asset /wines/analyze.css - 304 Not Modified (0ms)


Started GET "/assets/scaffolds.css?body=1" for 127.0.0.1 at 2013-04-02 17:07:03 +0900
Served asset /scaffolds.css - 304 Not Modified (0ms)


Started GET "/assets/analyze.css?body=1" for 127.0.0.1 at 2013-04-02 17:07:03 +0900
Served asset /analyze.css - 304 Not Modified (0ms)


Started GET "/assets/jquery_ujs.js?body=1" for 127.0.0.1 at 2013-04-02 17:07:03 +0900
Served asset /jquery_ujs.js - 304 Not Modified (0ms)


Started GET "/assets/jquery.js?body=1" for 127.0.0.1 at 2013-04-02 17:07:03 +0900
Served asset /jquery.js - 304 Not Modified (0ms)


Started GET "/assets/analyze.js?body=1" for 127.0.0.1 at 2013-04-02 17:07:03 +0900
Served asset /analyze.js - 304 Not Modified (0ms)


Started GET "/assets/wines.js?body=1" for 127.0.0.1 at 2013-04-02 17:07:03 +0900
Served asset /wines.js - 304 Not Modified (0ms)


Started GET "/assets/application.js?body=1" for 127.0.0.1 at 2013-04-02 17:07:03 +0900
Served asset /application.js - 304 Not Modified (0ms)


Started GET "/assets/wines/analyze.js?body=1" for 127.0.0.1 at 2013-04-02 17:07:03 +0900
Served asset /wines/analyze.js - 304 Not Modified (0ms)


Started GET "/wines/analyze/1" for 127.0.0.1 at 2013-04-02 17:07:05 +0900
Processing by Wines::AnalyzeController#show as HTML
  Parameters: {"id"=>"1"}
  [1m[36mWine Load (0.2ms)[0m  [1mSELECT "wines".* FROM "wines" [0m
  [1m[35mWine Load (0.1ms)[0m  SELECT "wines".* FROM "wines" WHERE "wines"."wine_id" = ? LIMIT 1  [["wine_id", "1"]]
Completed 500 Internal Server Error in 19ms

NoMethodError (undefined method `wrod_dic' for #<AnalyzeResultInfo:0x007fab35dd2790>):
  app/controllers/wines/analyze_controller.rb:22:in `block in show'
  app/controllers/wines/analyze_controller.rb:20:in `each'
  app/controllers/wines/analyze_controller.rb:20:in `show'


  Rendered /Users/skd/.rbenv/versions/1.9.3-p392/lib/ruby/gems/1.9.1/gems/actionpack-3.2.13/lib/action_dispatch/middleware/templates/rescues/_trace.erb (2.4ms)
  Rendered /Users/skd/.rbenv/versions/1.9.3-p392/lib/ruby/gems/1.9.1/gems/actionpack-3.2.13/lib/action_dispatch/middleware/templates/rescues/_request_and_response.erb (1.7ms)
  Rendered /Users/skd/.rbenv/versions/1.9.3-p392/lib/ruby/gems/1.9.1/gems/actionpack-3.2.13/lib/action_dispatch/middleware/templates/rescues/diagnostics.erb within rescues/layout (15.9ms)


Started GET "/wines/analyze/1" for 127.0.0.1 at 2013-04-02 17:08:08 +0900
Processing by Wines::AnalyzeController#show as HTML
  Parameters: {"id"=>"1"}
  [1m[36mWine Load (0.2ms)[0m  [1mSELECT "wines".* FROM "wines" [0m
  [1m[35mWine Load (0.2ms)[0m  SELECT "wines".* FROM "wines" WHERE "wines"."wine_id" = ? LIMIT 1  [["wine_id", "1"]]
Completed 500 Internal Server Error in 29ms

NameError (uninitialized constant Wines::AnalyzeController::CommentInfo):
  app/controllers/wines/analyze_controller.rb:24:in `block (2 levels) in show'
  app/controllers/wines/analyze_controller.rb:22:in `each'
  app/controllers/wines/analyze_controller.rb:22:in `block in show'
  app/controllers/wines/analyze_controller.rb:20:in `each'
  app/controllers/wines/analyze_controller.rb:20:in `show'


  Rendered /Users/skd/.rbenv/versions/1.9.3-p392/lib/ruby/gems/1.9.1/gems/actionpack-3.2.13/lib/action_dispatch/middleware/templates/rescues/_trace.erb (2.3ms)
  Rendered /Users/skd/.rbenv/versions/1.9.3-p392/lib/ruby/gems/1.9.1/gems/actionpack-3.2.13/lib/action_dispatch/middleware/templates/rescues/_request_and_response.erb (1.7ms)
  Rendered /Users/skd/.rbenv/versions/1.9.3-p392/lib/ruby/gems/1.9.1/gems/actionpack-3.2.13/lib/action_dispatch/middleware/templates/rescues/diagnostics.erb within rescues/layout (15.6ms)


Started GET "/wines/analyze/1" for 127.0.0.1 at 2013-04-02 17:09:45 +0900
Processing by Wines::AnalyzeController#show as HTML
  Parameters: {"id"=>"1"}
  [1m[36mWine Load (0.1ms)[0m  [1mSELECT "wines".* FROM "wines" [0m
  [1m[35mWine Load (0.2ms)[0m  SELECT "wines".* FROM "wines" WHERE "wines"."wine_id" = ? LIMIT 1  [["wine_id", "1"]]
Completed 500 Internal Server Error in 30ms

ActiveRecord::StatementInvalid (Could not find table 'analyze_results'):
  app/controllers/wines/analyze_controller.rb:26:in `block (2 levels) in show'
  app/controllers/wines/analyze_controller.rb:22:in `each'
  app/controllers/wines/analyze_controller.rb:22:in `block in show'
  app/controllers/wines/analyze_controller.rb:20:in `each'
  app/controllers/wines/analyze_controller.rb:20:in `show'


  Rendered /Users/skd/.rbenv/versions/1.9.3-p392/lib/ruby/gems/1.9.1/gems/actionpack-3.2.13/lib/action_dispatch/middleware/templates/rescues/_trace.erb (2.1ms)
  Rendered /Users/skd/.rbenv/versions/1.9.3-p392/lib/ruby/gems/1.9.1/gems/actionpack-3.2.13/lib/action_dispatch/middleware/templates/rescues/_request_and_response.erb (1.7ms)
  Rendered /Users/skd/.rbenv/versions/1.9.3-p392/lib/ruby/gems/1.9.1/gems/actionpack-3.2.13/lib/action_dispatch/middleware/templates/rescues/diagnostics.erb within rescues/layout (14.3ms)
Connecting to database specified by database.yml
  [1m[36m (3.1ms)[0m  [1mSELECT "schema_migrations"."version" FROM "schema_migrations" [0m
Migrating to CreateAnlyzeResults (20130401131534)
Migrating to AnlyzeResults (20130401131705)
Migrating to CreateWines (20130402080155)
  [1m[35m (0.1ms)[0m  select sqlite_version(*)
  [1m[36m (0.1ms)[0m  [1mSELECT "schema_migrations"."version" FROM "schema_migrations" [0m
Connecting to database specified by database.yml
  [1m[36m (3.1ms)[0m  [1mSELECT "schema_migrations"."version" FROM "schema_migrations" [0m
Migrating to CreateAnlyzeResults (20130401131534)
Migrating to AnlyzeResults (20130401131705)
Migrating to CreateWines (20130402080155)
  [1m[35m (0.1ms)[0m  select sqlite_version(*)
  [1m[36m (0.1ms)[0m  [1mSELECT "schema_migrations"."version" FROM "schema_migrations" [0m
Connecting to database specified by database.yml
  [1m[36m (3.1ms)[0m  [1mSELECT "schema_migrations"."version" FROM "schema_migrations" [0m
Migrating to CreateAnlyzeResults (20130401131534)
Migrating to AnlyzeResults (20130401131705)
Migrating to CreateWines (20130402080155)
  [1m[35m (0.1ms)[0m  select sqlite_version(*)
  [1m[36m (0.1ms)[0m  [1mSELECT "schema_migrations"."version" FROM "schema_migrations" [0m
Connecting to database specified by database.yml
  [1m[36m (2.9ms)[0m  [1mSELECT "schema_migrations"."version" FROM "schema_migrations" [0m
  [1m[35m (0.3ms)[0m  select sqlite_version(*)
  [1m[36m (2.7ms)[0m  [1mCREATE TABLE "wines" ("wine_id" INTEGER PRIMARY KEY AUTOINCREMENT NOT NULL, "wine_name" varchar(255), "comments" varchar(255), "price" decimal, "created_at" datetime NOT NULL, "updated_at" datetime NOT NULL) [0m
  [1m[35m (1.1ms)[0m  CREATE TABLE "schema_migrations" ("version" varchar(255) NOT NULL) 
  [1m[36m (1.0ms)[0m  [1mCREATE UNIQUE INDEX "unique_schema_migrations" ON "schema_migrations" ("version")[0m
  [1m[35m (0.1ms)[0m  SELECT version FROM "schema_migrations"
  [1m[36m (0.9ms)[0m  [1mINSERT INTO "schema_migrations" (version) VALUES ('20130402080155')[0m
  [1m[35m (1.0ms)[0m  INSERT INTO "schema_migrations" (version) VALUES ('20130401131534')
  [1m[36m (1.0ms)[0m  [1mINSERT INTO "schema_migrations" (version) VALUES ('20130401131705')[0m
Connecting to database specified by database.yml
  [1m[36m (3.1ms)[0m  [1mSELECT "schema_migrations"."version" FROM "schema_migrations" [0m
Migrating to CreateAnlyzeResults (20130401131534)
Migrating to AnlyzeResults (20130401131705)
Migrating to CreateWines (20130402080155)
  [1m[35m (0.1ms)[0m  select sqlite_version(*)
  [1m[36m (0.1ms)[0m  [1mSELECT "schema_migrations"."version" FROM "schema_migrations" [0m
Connecting to database specified by database.yml
  [1m[36m (3.1ms)[0m  [1mSELECT "schema_migrations"."version" FROM "schema_migrations" [0m
Migrating to CreateAnlyzeResults (20130401131534)
Migrating to AnlyzeResults (20130401131705)
Migrating to CreateWines (20130402080155)
  [1m[35m (0.1ms)[0m  select sqlite_version(*)
  [1m[36m (0.1ms)[0m  [1mSELECT "schema_migrations"."version" FROM "schema_migrations" [0m
Connecting to database specified by database.yml


Started GET "/wines/" for 127.0.0.1 at 2013-04-02 17:37:02 +0900
Processing by WinesController#index as HTML
  [1m[36mWine Load (0.1ms)[0m  [1mSELECT "wines".* FROM "wines" [0m
  Rendered wines/index.html.erb within layouts/application (32.7ms)
Completed 200 OK in 185ms (Views: 133.3ms | ActiveRecord: 4.5ms)


Started GET "/assets/application.css?body=1" for 127.0.0.1 at 2013-04-02 17:37:02 +0900
Served asset /application.css - 304 Not Modified (39ms)


Started GET "/assets/analyze.css?body=1" for 127.0.0.1 at 2013-04-02 17:37:02 +0900
Served asset /analyze.css - 304 Not Modified (3ms)


Started GET "/assets/scaffolds.css?body=1" for 127.0.0.1 at 2013-04-02 17:37:02 +0900
Served asset /scaffolds.css - 304 Not Modified (6ms)


Started GET "/assets/wines.css?body=1" for 127.0.0.1 at 2013-04-02 17:37:02 +0900
Served asset /wines.css - 304 Not Modified (6ms)


Started GET "/assets/jquery.js?body=1" for 127.0.0.1 at 2013-04-02 17:37:02 +0900
Served asset /jquery.js - 304 Not Modified (8ms)


Started GET "/assets/wines/analyze.css?body=1" for 127.0.0.1 at 2013-04-02 17:37:02 +0900
Served asset /wines/analyze.css - 304 Not Modified (4ms)


Started GET "/assets/jquery_ujs.js?body=1" for 127.0.0.1 at 2013-04-02 17:37:02 +0900
Served asset /jquery_ujs.js - 304 Not Modified (4ms)


Started GET "/assets/analyze.js?body=1" for 127.0.0.1 at 2013-04-02 17:37:02 +0900
Served asset /analyze.js - 304 Not Modified (4ms)


Started GET "/assets/wines.js?body=1" for 127.0.0.1 at 2013-04-02 17:37:02 +0900
Served asset /wines.js - 304 Not Modified (3ms)


Started GET "/assets/wines/analyze.js?body=1" for 127.0.0.1 at 2013-04-02 17:37:02 +0900
Served asset /wines/analyze.js - 304 Not Modified (3ms)


Started GET "/assets/application.js?body=1" for 127.0.0.1 at 2013-04-02 17:37:02 +0900
Served asset /application.js - 304 Not Modified (15ms)


Started GET "/wines/new" for 127.0.0.1 at 2013-04-02 17:37:04 +0900
Processing by WinesController#new as HTML
  Rendered wines/_form.html.erb (48.5ms)
  Rendered wines/new.html.erb within layouts/application (59.6ms)
Completed 200 OK in 113ms (Views: 111.5ms | ActiveRecord: 0.0ms)


Started GET "/assets/application.css?body=1" for 127.0.0.1 at 2013-04-02 17:37:04 +0900
Served asset /application.css - 304 Not Modified (0ms)


Started GET "/assets/wines.css?body=1" for 127.0.0.1 at 2013-04-02 17:37:04 +0900
Served asset /wines.css - 304 Not Modified (0ms)


Started GET "/assets/analyze.css?body=1" for 127.0.0.1 at 2013-04-02 17:37:04 +0900
Served asset /analyze.css - 304 Not Modified (0ms)


Started GET "/assets/wines/analyze.css?body=1" for 127.0.0.1 at 2013-04-02 17:37:04 +0900
Served asset /wines/analyze.css - 304 Not Modified (0ms)


Started GET "/assets/scaffolds.css?body=1" for 127.0.0.1 at 2013-04-02 17:37:04 +0900
Served asset /scaffolds.css - 304 Not Modified (0ms)


Started GET "/assets/jquery_ujs.js?body=1" for 127.0.0.1 at 2013-04-02 17:37:04 +0900
Served asset /jquery_ujs.js - 304 Not Modified (0ms)


Started GET "/assets/jquery.js?body=1" for 127.0.0.1 at 2013-04-02 17:37:04 +0900
Served asset /jquery.js - 304 Not Modified (0ms)


Started GET "/assets/analyze.js?body=1" for 127.0.0.1 at 2013-04-02 17:37:04 +0900
Served asset /analyze.js - 304 Not Modified (0ms)


Started GET "/assets/wines.js?body=1" for 127.0.0.1 at 2013-04-02 17:37:04 +0900
Served asset /wines.js - 304 Not Modified (0ms)


Started GET "/assets/wines/analyze.js?body=1" for 127.0.0.1 at 2013-04-02 17:37:04 +0900
Served asset /wines/analyze.js - 304 Not Modified (0ms)


Started GET "/assets/application.js?body=1" for 127.0.0.1 at 2013-04-02 17:37:04 +0900
Served asset /application.js - 304 Not Modified (0ms)


Started POST "/wines" for 127.0.0.1 at 2013-04-02 17:37:13 +0900
Processing by WinesController#create as HTML
  Parameters: {"utf8"=>"âœ“", "authenticity_token"=>"PkSJQzkThsgfbmQ3VGuLZ+RFvfH8aeVtv7FrKXcBrDU=", "wine"=>{"id"=>"2", "wine_name"=>"wine2", "comments"=>"test", "price"=>"3000"}, "commit"=>"Create Wine"}
  [1m[35mWine Load (0.2ms)[0m  SELECT "wines".* FROM "wines" 
  [1m[36m (0.1ms)[0m  [1mbegin transaction[0m
  [1m[35mSQL (13.5ms)[0m  INSERT INTO "wines" ("comments", "created_at", "price", "updated_at", "wine_id", "wine_name") VALUES (?, ?, ?, ?, ?, ?)  [["comments", "test"], ["created_at", Tue, 02 Apr 2013 08:37:13 UTC +00:00], ["price", #<BigDecimal:7f99960b0220,'0.3E4',9(18)>], ["updated_at", Tue, 02 Apr 2013 08:37:13 UTC +00:00], ["wine_id", 2], ["wine_name", "wine2"]]
  [1m[36m (0.8ms)[0m  [1mcommit transaction[0m
Completed 500 Internal Server Error in 58ms

NoMethodError (undefined method `delete' for nil:NilClass):
  app/controllers/wines_controller.rb:105:in `block (2 levels) in save_analyze_result'
  app/controllers/wines_controller.rb:102:in `each'
  app/controllers/wines_controller.rb:102:in `block in save_analyze_result'
  app/controllers/wines_controller.rb:98:in `each'
  app/controllers/wines_controller.rb:98:in `save_analyze_result'
  app/controllers/wines_controller.rb:51:in `block in create'
  app/controllers/wines_controller.rb:49:in `create'


  Rendered /Users/skd/.rbenv/versions/1.9.3-p392/lib/ruby/gems/1.9.1/gems/actionpack-3.2.13/lib/action_dispatch/middleware/templates/rescues/_trace.erb (36.5ms)
  Rendered /Users/skd/.rbenv/versions/1.9.3-p392/lib/ruby/gems/1.9.1/gems/actionpack-3.2.13/lib/action_dispatch/middleware/templates/rescues/_request_and_response.erb (1.8ms)
  Rendered /Users/skd/.rbenv/versions/1.9.3-p392/lib/ruby/gems/1.9.1/gems/actionpack-3.2.13/lib/action_dispatch/middleware/templates/rescues/diagnostics.erb within rescues/layout (49.4ms)


Started POST "/wines" for 127.0.0.1 at 2013-04-02 17:39:14 +0900
Processing by WinesController#create as HTML
  Parameters: {"utf8"=>"âœ“", "authenticity_token"=>"PkSJQzkThsgfbmQ3VGuLZ+RFvfH8aeVtv7FrKXcBrDU=", "wine"=>{"id"=>"2", "wine_name"=>"wine2", "comments"=>"test", "price"=>"3000"}, "commit"=>"Create Wine"}
  [1m[35mWine Load (0.2ms)[0m  SELECT "wines".* FROM "wines" 
  [1m[36m (0.1ms)[0m  [1mbegin transaction[0m
  [1m[35mSQL (0.8ms)[0m  INSERT INTO "wines" ("comments", "created_at", "price", "updated_at", "wine_id", "wine_name") VALUES (?, ?, ?, ?, ?, ?)  [["comments", "test"], ["created_at", Tue, 02 Apr 2013 08:39:14 UTC +00:00], ["price", #<BigDecimal:7f99926d6450,'0.3E4',9(18)>], ["updated_at", Tue, 02 Apr 2013 08:39:14 UTC +00:00], ["wine_id", 2], ["wine_name", "wine2"]]
SQLite3::ConstraintException: PRIMARY KEY must be unique: INSERT INTO "wines" ("comments", "created_at", "price", "updated_at", "wine_id", "wine_name") VALUES (?, ?, ?, ?, ?, ?)
  [1m[36m (0.1ms)[0m  [1mrollback transaction[0m
Completed 500 Internal Server Error in 16ms

ActiveRecord::StatementInvalid (SQLite3::ConstraintException: PRIMARY KEY must be unique: INSERT INTO "wines" ("comments", "created_at", "price", "updated_at", "wine_id", "wine_name") VALUES (?, ?, ?, ?, ?, ?)):
  app/controllers/wines_controller.rb:50:in `block in create'
  app/controllers/wines_controller.rb:49:in `create'


  Rendered /Users/skd/.rbenv/versions/1.9.3-p392/lib/ruby/gems/1.9.1/gems/actionpack-3.2.13/lib/action_dispatch/middleware/templates/rescues/_trace.erb (2.3ms)
  Rendered /Users/skd/.rbenv/versions/1.9.3-p392/lib/ruby/gems/1.9.1/gems/actionpack-3.2.13/lib/action_dispatch/middleware/templates/rescues/_request_and_response.erb (2.1ms)
  Rendered /Users/skd/.rbenv/versions/1.9.3-p392/lib/ruby/gems/1.9.1/gems/actionpack-3.2.13/lib/action_dispatch/middleware/templates/rescues/diagnostics.erb within rescues/layout (15.7ms)


Started POST "/wines" for 127.0.0.1 at 2013-04-02 17:39:18 +0900
Processing by WinesController#create as HTML
  Parameters: {"utf8"=>"âœ“", "authenticity_token"=>"PkSJQzkThsgfbmQ3VGuLZ+RFvfH8aeVtv7FrKXcBrDU=", "wine"=>{"id"=>"2", "wine_name"=>"wine2", "comments"=>"test", "price"=>"3000"}, "commit"=>"Create Wine"}
  [1m[35mWine Load (0.5ms)[0m  SELECT "wines".* FROM "wines" 
  [1m[36m (0.1ms)[0m  [1mbegin transaction[0m
  [1m[35mSQL (1.0ms)[0m  INSERT INTO "wines" ("comments", "created_at", "price", "updated_at", "wine_id", "wine_name") VALUES (?, ?, ?, ?, ?, ?)  [["comments", "test"], ["created_at", Tue, 02 Apr 2013 08:39:18 UTC +00:00], ["price", #<BigDecimal:7f9992791818,'0.3E4',9(18)>], ["updated_at", Tue, 02 Apr 2013 08:39:18 UTC +00:00], ["wine_id", 2], ["wine_name", "wine2"]]
SQLite3::ConstraintException: PRIMARY KEY must be unique: INSERT INTO "wines" ("comments", "created_at", "price", "updated_at", "wine_id", "wine_name") VALUES (?, ?, ?, ?, ?, ?)
  [1m[36m (0.1ms)[0m  [1mrollback transaction[0m
Completed 500 Internal Server Error in 10ms

ActiveRecord::StatementInvalid (SQLite3::ConstraintException: PRIMARY KEY must be unique: INSERT INTO "wines" ("comments", "created_at", "price", "updated_at", "wine_id", "wine_name") VALUES (?, ?, ?, ?, ?, ?)):
  app/controllers/wines_controller.rb:50:in `block in create'
  app/controllers/wines_controller.rb:49:in `create'


  Rendered /Users/skd/.rbenv/versions/1.9.3-p392/lib/ruby/gems/1.9.1/gems/actionpack-3.2.13/lib/action_dispatch/middleware/templates/rescues/_trace.erb (3.4ms)
  Rendered /Users/skd/.rbenv/versions/1.9.3-p392/lib/ruby/gems/1.9.1/gems/actionpack-3.2.13/lib/action_dispatch/middleware/templates/rescues/_request_and_response.erb (1.9ms)
  Rendered /Users/skd/.rbenv/versions/1.9.3-p392/lib/ruby/gems/1.9.1/gems/actionpack-3.2.13/lib/action_dispatch/middleware/templates/rescues/diagnostics.erb within rescues/layout (18.7ms)


Started GET "/wines" for 127.0.0.1 at 2013-04-02 17:40:42 +0900
Processing by WinesController#index as HTML
  [1m[35mWine Load (0.5ms)[0m  SELECT "wines".* FROM "wines" 
  Rendered wines/index.html.erb within layouts/application (6.7ms)
Completed 200 OK in 125ms (Views: 121.2ms | ActiveRecord: 0.5ms)


Started GET "/assets/application.css?body=1" for 127.0.0.1 at 2013-04-02 17:40:42 +0900
Served asset /application.css - 304 Not Modified (0ms)


Started GET "/assets/scaffolds.css?body=1" for 127.0.0.1 at 2013-04-02 17:40:42 +0900
Served asset /scaffolds.css - 304 Not Modified (0ms)


Started GET "/assets/wines.css?body=1" for 127.0.0.1 at 2013-04-02 17:40:42 +0900
Served asset /wines.css - 304 Not Modified (0ms)


Started GET "/assets/analyze.css?body=1" for 127.0.0.1 at 2013-04-02 17:40:42 +0900
Served asset /analyze.css - 304 Not Modified (0ms)


Started GET "/assets/wines/analyze.css?body=1" for 127.0.0.1 at 2013-04-02 17:40:42 +0900
Served asset /wines/analyze.css - 304 Not Modified (0ms)


Started GET "/assets/jquery.js?body=1" for 127.0.0.1 at 2013-04-02 17:40:42 +0900
Served asset /jquery.js - 304 Not Modified (0ms)


Started GET "/assets/jquery_ujs.js?body=1" for 127.0.0.1 at 2013-04-02 17:40:42 +0900
Served asset /jquery_ujs.js - 304 Not Modified (0ms)


Started GET "/assets/analyze.js?body=1" for 127.0.0.1 at 2013-04-02 17:40:42 +0900
Served asset /analyze.js - 304 Not Modified (0ms)


Started GET "/assets/wines.js?body=1" for 127.0.0.1 at 2013-04-02 17:40:42 +0900
Served asset /wines.js - 304 Not Modified (0ms)


Started GET "/assets/application.js?body=1" for 127.0.0.1 at 2013-04-02 17:40:42 +0900
Served asset /application.js - 304 Not Modified (1ms)


Started GET "/assets/wines/analyze.js?body=1" for 127.0.0.1 at 2013-04-02 17:40:42 +0900
Served asset /wines/analyze.js - 304 Not Modified (0ms)
Connecting to database specified by database.yml
Connecting to database specified by database.yml
Connecting to database specified by database.yml
  [1m[36m (3.1ms)[0m  [1mSELECT "schema_migrations"."version" FROM "schema_migrations" [0m
Migrating to CreateAnlyzeResults (20130401131534)
Migrating to AnlyzeResults (20130401131705)
Migrating to CreateWines (20130402080155)
Migrating to AnalyzeResult (20130402090955)
  [1m[35m (0.0ms)[0m  select sqlite_version(*)
  [1m[36m (0.1ms)[0m  [1mbegin transaction[0m
  [1m[35m (0.5ms)[0m  CREATE TABLE "analyze_results" ("id" INTEGER PRIMARY KEY AUTOINCREMENT NOT NULL, "wine_id" varchar(255), "word" varchar(255), "remarks" varchar(255), "count" integer, "created_at" datetime NOT NULL, "updated_at" datetime NOT NULL) 
  [1m[36m (0.1ms)[0m  [1mINSERT INTO "schema_migrations" ("version") VALUES ('20130402090955')[0m
  [1m[35m (2.6ms)[0m  commit transaction
  [1m[36m (0.1ms)[0m  [1mSELECT "schema_migrations"."version" FROM "schema_migrations" [0m
Connecting to database specified by database.yml


Started GET "/assets/rails.png" for 127.0.0.1 at 2013-04-02 18:12:25 +0900
Served asset /rails.png - 304 Not Modified (6ms)


Started GET "/wines" for 127.0.0.1 at 2013-04-02 18:12:31 +0900
Processing by WinesController#index as HTML
  [1m[36mWine Load (0.1ms)[0m  [1mSELECT "wines".* FROM "wines" [0m
  Rendered wines/index.html.erb within layouts/application (34.0ms)
Completed 200 OK in 185ms (Views: 134.0ms | ActiveRecord: 4.4ms)


Started GET "/assets/analyze.css?body=1" for 127.0.0.1 at 2013-04-02 18:12:31 +0900
Served asset /analyze.css - 200 OK (28ms)


Started GET "/assets/wines.css?body=1" for 127.0.0.1 at 2013-04-02 18:12:32 +0900
Served asset /wines.css - 200 OK (9ms)


Started GET "/assets/scaffolds.css?body=1" for 127.0.0.1 at 2013-04-02 18:12:32 +0900
Served asset /scaffolds.css - 200 OK (7ms)


Started GET "/assets/application.css?body=1" for 127.0.0.1 at 2013-04-02 18:12:32 +0900
Served asset /application.css - 304 Not Modified (14ms)


Started GET "/assets/jquery_ujs.js?body=1" for 127.0.0.1 at 2013-04-02 18:12:32 +0900
Served asset /jquery_ujs.js - 200 OK (6ms)


Started GET "/assets/wines/analyze.css?body=1" for 127.0.0.1 at 2013-04-02 18:12:32 +0900
Served asset /wines/analyze.css - 200 OK (5ms)


Started GET "/assets/jquery.js?body=1" for 127.0.0.1 at 2013-04-02 18:12:32 +0900
Served asset /jquery.js - 200 OK (4ms)


Started GET "/assets/analyze.js?body=1" for 127.0.0.1 at 2013-04-02 18:12:32 +0900
Served asset /analyze.js - 200 OK (4ms)


Started GET "/assets/wines.js?body=1" for 127.0.0.1 at 2013-04-02 18:12:32 +0900
Served asset /wines.js - 200 OK (3ms)


Started GET "/assets/wines/analyze.js?body=1" for 127.0.0.1 at 2013-04-02 18:12:32 +0900
Served asset /wines/analyze.js - 200 OK (5ms)


Started GET "/assets/application.js?body=1" for 127.0.0.1 at 2013-04-02 18:12:32 +0900
Served asset /application.js - 200 OK (23ms)


Started GET "/wines/analyze/1" for 127.0.0.1 at 2013-04-02 18:12:33 +0900
Processing by Wines::AnalyzeController#show as HTML
  Parameters: {"id"=>"1"}
  [1m[35mWine Load (0.2ms)[0m  SELECT "wines".* FROM "wines" 
  [1m[36mWine Load (0.3ms)[0m  [1mSELECT "wines".* FROM "wines" WHERE "wines"."wine_id" = ? LIMIT 1[0m  [["wine_id", "1"]]
Completed 500 Internal Server Error in 31ms

NoMethodError (undefined method `surface' for #<AnalyzeResult not initialized>):
  app/controllers/wines/analyze_controller.rb:26:in `block (2 levels) in show'
  app/controllers/wines/analyze_controller.rb:22:in `each'
  app/controllers/wines/analyze_controller.rb:22:in `block in show'
  app/controllers/wines/analyze_controller.rb:20:in `each'
  app/controllers/wines/analyze_controller.rb:20:in `show'


  Rendered /Users/skd/.rbenv/versions/1.9.3-p392/lib/ruby/gems/1.9.1/gems/actionpack-3.2.13/lib/action_dispatch/middleware/templates/rescues/_trace.erb (2.2ms)
  Rendered /Users/skd/.rbenv/versions/1.9.3-p392/lib/ruby/gems/1.9.1/gems/actionpack-3.2.13/lib/action_dispatch/middleware/templates/rescues/_request_and_response.erb (1.7ms)
  Rendered /Users/skd/.rbenv/versions/1.9.3-p392/lib/ruby/gems/1.9.1/gems/actionpack-3.2.13/lib/action_dispatch/middleware/templates/rescues/diagnostics.erb within rescues/layout (15.0ms)


Started GET "/wines/analyze/1" for 127.0.0.1 at 2013-04-02 18:16:16 +0900
Processing by Wines::AnalyzeController#show as HTML
  Parameters: {"id"=>"1"}
  [1m[35mWine Load (0.1ms)[0m  SELECT "wines".* FROM "wines" 
  [1m[36mWine Load (0.2ms)[0m  [1mSELECT "wines".* FROM "wines" WHERE "wines"."wine_id" = ? LIMIT 1[0m  [["wine_id", "1"]]
Completed 500 Internal Server Error in 33ms

NoMethodError (undefined method `delete' for nil:NilClass):
  app/controllers/wines/analyze_controller.rb:25:in `block (2 levels) in show'
  app/controllers/wines/analyze_controller.rb:22:in `each'
  app/controllers/wines/analyze_controller.rb:22:in `block in show'
  app/controllers/wines/analyze_controller.rb:20:in `each'
  app/controllers/wines/analyze_controller.rb:20:in `show'


  Rendered /Users/skd/.rbenv/versions/1.9.3-p392/lib/ruby/gems/1.9.1/gems/actionpack-3.2.13/lib/action_dispatch/middleware/templates/rescues/_trace.erb (2.3ms)
  Rendered /Users/skd/.rbenv/versions/1.9.3-p392/lib/ruby/gems/1.9.1/gems/actionpack-3.2.13/lib/action_dispatch/middleware/templates/rescues/_request_and_response.erb (3.3ms)
  Rendered /Users/skd/.rbenv/versions/1.9.3-p392/lib/ruby/gems/1.9.1/gems/actionpack-3.2.13/lib/action_dispatch/middleware/templates/rescues/diagnostics.erb within rescues/layout (17.8ms)
Connecting to database specified by database.yml


Started GET "/assets/rails.png" for 127.0.0.1 at 2013-04-02 18:21:39 +0900
Served asset /rails.png - 304 Not Modified (5ms)


Started GET "/wines" for 127.0.0.1 at 2013-04-02 18:21:43 +0900
Processing by WinesController#index as HTML
  [1m[36mWine Load (0.1ms)[0m  [1mSELECT "wines".* FROM "wines" [0m
  Rendered wines/index.html.erb within layouts/application (34.3ms)
Completed 200 OK in 187ms (Views: 136.1ms | ActiveRecord: 4.4ms)


Started GET "/assets/analyze.css?body=1" for 127.0.0.1 at 2013-04-02 18:21:43 +0900
Served asset /analyze.css - 200 OK (3ms)


Started GET "/assets/wines.css?body=1" for 127.0.0.1 at 2013-04-02 18:21:43 +0900
Served asset /wines.css - 200 OK (7ms)


Started GET "/assets/scaffolds.css?body=1" for 127.0.0.1 at 2013-04-02 18:21:43 +0900
Served asset /scaffolds.css - 200 OK (7ms)


Started GET "/assets/wines/analyze.css?body=1" for 127.0.0.1 at 2013-04-02 18:21:43 +0900
Served asset /wines/analyze.css - 200 OK (5ms)


Started GET "/assets/jquery.js?body=1" for 127.0.0.1 at 2013-04-02 18:21:43 +0900
Served asset /jquery.js - 200 OK (7ms)


Started GET "/assets/application.css?body=1" for 127.0.0.1 at 2013-04-02 18:21:43 +0900
Served asset /application.css - 304 Not Modified (16ms)


Started GET "/assets/jquery_ujs.js?body=1" for 127.0.0.1 at 2013-04-02 18:21:43 +0900
Served asset /jquery_ujs.js - 304 Not Modified (4ms)


Started GET "/assets/analyze.js?body=1" for 127.0.0.1 at 2013-04-02 18:21:43 +0900
Served asset /analyze.js - 304 Not Modified (3ms)


Started GET "/assets/wines.js?body=1" for 127.0.0.1 at 2013-04-02 18:21:43 +0900
Served asset /wines.js - 304 Not Modified (3ms)


Started GET "/assets/wines/analyze.js?body=1" for 127.0.0.1 at 2013-04-02 18:21:43 +0900
Served asset /wines/analyze.js - 304 Not Modified (3ms)


Started GET "/assets/application.js?body=1" for 127.0.0.1 at 2013-04-02 18:21:43 +0900
Served asset /application.js - 304 Not Modified (17ms)


Started GET "/wines/analyze/1" for 127.0.0.1 at 2013-04-02 18:21:46 +0900
Processing by Wines::AnalyzeController#show as HTML
  Parameters: {"id"=>"1"}
  [1m[35mWine Load (0.2ms)[0m  SELECT "wines".* FROM "wines" 
  [1m[36mWine Load (0.3ms)[0m  [1mSELECT "wines".* FROM "wines" WHERE "wines"."wine_id" = ? LIMIT 1[0m  [["wine_id", "1"]]
Completed 500 Internal Server Error in 19ms

NoMethodError (undefined method `delete' for nil:NilClass):
  app/controllers/wines/analyze_controller.rb:25:in `block (2 levels) in show'
  app/controllers/wines/analyze_controller.rb:22:in `each'
  app/controllers/wines/analyze_controller.rb:22:in `block in show'
  app/controllers/wines/analyze_controller.rb:20:in `each'
  app/controllers/wines/analyze_controller.rb:20:in `show'


  Rendered /Users/skd/.rbenv/versions/1.9.3-p392/lib/ruby/gems/1.9.1/gems/actionpack-3.2.13/lib/action_dispatch/middleware/templates/rescues/_trace.erb (2.2ms)
  Rendered /Users/skd/.rbenv/versions/1.9.3-p392/lib/ruby/gems/1.9.1/gems/actionpack-3.2.13/lib/action_dispatch/middleware/templates/rescues/_request_and_response.erb (2.0ms)
  Rendered /Users/skd/.rbenv/versions/1.9.3-p392/lib/ruby/gems/1.9.1/gems/actionpack-3.2.13/lib/action_dispatch/middleware/templates/rescues/diagnostics.erb within rescues/layout (16.4ms)


Started GET "/wines/analyze/1" for 127.0.0.1 at 2013-04-02 18:22:19 +0900
Processing by Wines::AnalyzeController#show as HTML
  Parameters: {"id"=>"1"}
  [1m[35mWine Load (0.1ms)[0m  SELECT "wines".* FROM "wines" 
  [1m[36mWine Load (0.3ms)[0m  [1mSELECT "wines".* FROM "wines" WHERE "wines"."wine_id" = ? LIMIT 1[0m  [["wine_id", "1"]]
Completed 500 Internal Server Error in 34ms

NoMethodError (undefined method `delete' for nil:NilClass):
  app/controllers/wines/analyze_controller.rb:25:in `block (2 levels) in show'
  app/controllers/wines/analyze_controller.rb:22:in `each'
  app/controllers/wines/analyze_controller.rb:22:in `block in show'
  app/controllers/wines/analyze_controller.rb:20:in `each'
  app/controllers/wines/analyze_controller.rb:20:in `show'


  Rendered /Users/skd/.rbenv/versions/1.9.3-p392/lib/ruby/gems/1.9.1/gems/actionpack-3.2.13/lib/action_dispatch/middleware/templates/rescues/_trace.erb (2.0ms)
  Rendered /Users/skd/.rbenv/versions/1.9.3-p392/lib/ruby/gems/1.9.1/gems/actionpack-3.2.13/lib/action_dispatch/middleware/templates/rescues/_request_and_response.erb (1.7ms)
  Rendered /Users/skd/.rbenv/versions/1.9.3-p392/lib/ruby/gems/1.9.1/gems/actionpack-3.2.13/lib/action_dispatch/middleware/templates/rescues/diagnostics.erb within rescues/layout (14.7ms)


Started GET "/wines/analyze/1" for 127.0.0.1 at 2013-04-02 18:22:37 +0900
Processing by Wines::AnalyzeController#show as HTML
  Parameters: {"id"=>"1"}
  [1m[35mWine Load (0.1ms)[0m  SELECT "wines".* FROM "wines" 
  [1m[36mWine Load (0.3ms)[0m  [1mSELECT "wines".* FROM "wines" WHERE "wines"."wine_id" = ? LIMIT 1[0m  [["wine_id", "1"]]
Completed 500 Internal Server Error in 56ms

NoMethodError (undefined method `delete' for nil:NilClass):
  app/controllers/wines/analyze_controller.rb:26:in `block (2 levels) in show'
  app/controllers/wines/analyze_controller.rb:22:in `each'
  app/controllers/wines/analyze_controller.rb:22:in `block in show'
  app/controllers/wines/analyze_controller.rb:20:in `each'
  app/controllers/wines/analyze_controller.rb:20:in `show'


  Rendered /Users/skd/.rbenv/versions/1.9.3-p392/lib/ruby/gems/1.9.1/gems/actionpack-3.2.13/lib/action_dispatch/middleware/templates/rescues/_trace.erb (2.9ms)
  Rendered /Users/skd/.rbenv/versions/1.9.3-p392/lib/ruby/gems/1.9.1/gems/actionpack-3.2.13/lib/action_dispatch/middleware/templates/rescues/_request_and_response.erb (1.9ms)
  Rendered /Users/skd/.rbenv/versions/1.9.3-p392/lib/ruby/gems/1.9.1/gems/actionpack-3.2.13/lib/action_dispatch/middleware/templates/rescues/diagnostics.erb within rescues/layout (15.9ms)


Started GET "/wines/analyze/1" for 127.0.0.1 at 2013-04-02 18:22:48 +0900
Processing by Wines::AnalyzeController#show as HTML
  Parameters: {"id"=>"1"}
  [1m[35mWine Load (0.1ms)[0m  SELECT "wines".* FROM "wines" 
  [1m[36mWine Load (0.2ms)[0m  [1mSELECT "wines".* FROM "wines" WHERE "wines"."wine_id" = ? LIMIT 1[0m  [["wine_id", "1"]]
Completed 500 Internal Server Error in 35ms

NoMethodError (undefined method `delete' for nil:NilClass):
  app/controllers/wines/analyze_controller.rb:26:in `block (2 levels) in show'
  app/controllers/wines/analyze_controller.rb:22:in `each'
  app/controllers/wines/analyze_controller.rb:22:in `block in show'
  app/controllers/wines/analyze_controller.rb:20:in `each'
  app/controllers/wines/analyze_controller.rb:20:in `show'


  Rendered /Users/skd/.rbenv/versions/1.9.3-p392/lib/ruby/gems/1.9.1/gems/actionpack-3.2.13/lib/action_dispatch/middleware/templates/rescues/_trace.erb (2.3ms)
  Rendered /Users/skd/.rbenv/versions/1.9.3-p392/lib/ruby/gems/1.9.1/gems/actionpack-3.2.13/lib/action_dispatch/middleware/templates/rescues/_request_and_response.erb (1.6ms)
  Rendered /Users/skd/.rbenv/versions/1.9.3-p392/lib/ruby/gems/1.9.1/gems/actionpack-3.2.13/lib/action_dispatch/middleware/templates/rescues/diagnostics.erb within rescues/layout (15.9ms)


Started GET "/wines/analyze/1" for 127.0.0.1 at 2013-04-02 18:23:00 +0900
Processing by Wines::AnalyzeController#show as HTML
  Parameters: {"id"=>"1"}
  [1m[35mWine Load (0.1ms)[0m  SELECT "wines".* FROM "wines" 
  [1m[36mWine Load (0.2ms)[0m  [1mSELECT "wines".* FROM "wines" WHERE "wines"."wine_id" = ? LIMIT 1[0m  [["wine_id", "1"]]
Completed 500 Internal Server Error in 33ms

NoMethodError (undefined method `delete' for nil:NilClass):
  app/controllers/wines/analyze_controller.rb:27:in `block (2 levels) in show'
  app/controllers/wines/analyze_controller.rb:23:in `each'
  app/controllers/wines/analyze_controller.rb:23:in `block in show'
  app/controllers/wines/analyze_controller.rb:21:in `each'
  app/controllers/wines/analyze_controller.rb:21:in `show'


  Rendered /Users/skd/.rbenv/versions/1.9.3-p392/lib/ruby/gems/1.9.1/gems/actionpack-3.2.13/lib/action_dispatch/middleware/templates/rescues/_trace.erb (2.1ms)
  Rendered /Users/skd/.rbenv/versions/1.9.3-p392/lib/ruby/gems/1.9.1/gems/actionpack-3.2.13/lib/action_dispatch/middleware/templates/rescues/_request_and_response.erb (1.7ms)
  Rendered /Users/skd/.rbenv/versions/1.9.3-p392/lib/ruby/gems/1.9.1/gems/actionpack-3.2.13/lib/action_dispatch/middleware/templates/rescues/diagnostics.erb within rescues/layout (14.6ms)
Connecting to database specified by database.yml


Started GET "/wines/analyze/1" for 127.0.0.1 at 2013-04-02 18:23:16 +0900
Processing by Wines::AnalyzeController#show as HTML
  Parameters: {"id"=>"1"}
  [1m[36mWine Load (0.1ms)[0m  [1mSELECT "wines".* FROM "wines" [0m
  [1m[35mWine Load (0.3ms)[0m  SELECT "wines".* FROM "wines" WHERE "wines"."wine_id" = ? LIMIT 1  [["wine_id", "1"]]
Completed 500 Internal Server Error in 78ms

NoMethodError (undefined method `delete' for nil:NilClass):
  app/controllers/wines/analyze_controller.rb:27:in `block (2 levels) in show'
  app/controllers/wines/analyze_controller.rb:23:in `each'
  app/controllers/wines/analyze_controller.rb:23:in `block in show'
  app/controllers/wines/analyze_controller.rb:21:in `each'
  app/controllers/wines/analyze_controller.rb:21:in `show'


  Rendered /Users/skd/.rbenv/versions/1.9.3-p392/lib/ruby/gems/1.9.1/gems/actionpack-3.2.13/lib/action_dispatch/middleware/templates/rescues/_trace.erb (2.2ms)
  Rendered /Users/skd/.rbenv/versions/1.9.3-p392/lib/ruby/gems/1.9.1/gems/actionpack-3.2.13/lib/action_dispatch/middleware/templates/rescues/_request_and_response.erb (1.6ms)
  Rendered /Users/skd/.rbenv/versions/1.9.3-p392/lib/ruby/gems/1.9.1/gems/actionpack-3.2.13/lib/action_dispatch/middleware/templates/rescues/diagnostics.erb within rescues/layout (20.6ms)


Started GET "/wines/analyze/1" for 127.0.0.1 at 2013-04-02 18:24:46 +0900
Processing by Wines::AnalyzeController#show as HTML
  Parameters: {"id"=>"1"}
  [1m[36mWine Load (0.2ms)[0m  [1mSELECT "wines".* FROM "wines" [0m
  [1m[35mWine Load (0.2ms)[0m  SELECT "wines".* FROM "wines" WHERE "wines"."wine_id" = ? LIMIT 1  [["wine_id", "1"]]
Completed 500 Internal Server Error in 34ms

NoMethodError (undefined method `delete' for nil:NilClass):
  app/controllers/wines/analyze_controller.rb:29:in `block (2 levels) in show'
  app/controllers/wines/analyze_controller.rb:23:in `each'
  app/controllers/wines/analyze_controller.rb:23:in `block in show'
  app/controllers/wines/analyze_controller.rb:21:in `each'
  app/controllers/wines/analyze_controller.rb:21:in `show'


  Rendered /Users/skd/.rbenv/versions/1.9.3-p392/lib/ruby/gems/1.9.1/gems/actionpack-3.2.13/lib/action_dispatch/middleware/templates/rescues/_trace.erb (2.2ms)
  Rendered /Users/skd/.rbenv/versions/1.9.3-p392/lib/ruby/gems/1.9.1/gems/actionpack-3.2.13/lib/action_dispatch/middleware/templates/rescues/_request_and_response.erb (1.6ms)
  Rendered /Users/skd/.rbenv/versions/1.9.3-p392/lib/ruby/gems/1.9.1/gems/actionpack-3.2.13/lib/action_dispatch/middleware/templates/rescues/diagnostics.erb within rescues/layout (15.1ms)


Started GET "/wines/analyze/1" for 127.0.0.1 at 2013-04-02 18:24:47 +0900
Processing by Wines::AnalyzeController#show as HTML
  Parameters: {"id"=>"1"}
  [1m[36mWine Load (0.3ms)[0m  [1mSELECT "wines".* FROM "wines" [0m
  [1m[35mWine Load (0.1ms)[0m  SELECT "wines".* FROM "wines" WHERE "wines"."wine_id" = ? LIMIT 1  [["wine_id", "1"]]
Completed 500 Internal Server Error in 11ms

NoMethodError (undefined method `delete' for nil:NilClass):
  app/controllers/wines/analyze_controller.rb:29:in `block (2 levels) in show'
  app/controllers/wines/analyze_controller.rb:23:in `each'
  app/controllers/wines/analyze_controller.rb:23:in `block in show'
  app/controllers/wines/analyze_controller.rb:21:in `each'
  app/controllers/wines/analyze_controller.rb:21:in `show'


  Rendered /Users/skd/.rbenv/versions/1.9.3-p392/lib/ruby/gems/1.9.1/gems/actionpack-3.2.13/lib/action_dispatch/middleware/templates/rescues/_trace.erb (2.2ms)
  Rendered /Users/skd/.rbenv/versions/1.9.3-p392/lib/ruby/gems/1.9.1/gems/actionpack-3.2.13/lib/action_dispatch/middleware/templates/rescues/_request_and_response.erb (1.7ms)
  Rendered /Users/skd/.rbenv/versions/1.9.3-p392/lib/ruby/gems/1.9.1/gems/actionpack-3.2.13/lib/action_dispatch/middleware/templates/rescues/diagnostics.erb within rescues/layout (18.3ms)


Started GET "/wines/analyze/1" for 127.0.0.1 at 2013-04-02 18:27:46 +0900
Processing by Wines::AnalyzeController#show as HTML
  Parameters: {"id"=>"1"}
  [1m[36mWine Load (0.1ms)[0m  [1mSELECT "wines".* FROM "wines" [0m
  [1m[35mWine Load (0.2ms)[0m  SELECT "wines".* FROM "wines" WHERE "wines"."wine_id" = ? LIMIT 1  [["wine_id", "1"]]
  Rendered wines/analyze/show.html.erb within layouts/application (3.3ms)
Completed 200 OK in 180ms (Views: 84.9ms | ActiveRecord: 1.2ms)


Started GET "/assets/application.css?body=1" for 127.0.0.1 at 2013-04-02 18:27:46 +0900
Served asset /application.css - 304 Not Modified (59ms)


Started GET "/assets/wines.css?body=1" for 127.0.0.1 at 2013-04-02 18:27:46 +0900
Served asset /wines.css - 304 Not Modified (4ms)


Started GET "/assets/analyze.css?body=1" for 127.0.0.1 at 2013-04-02 18:27:46 +0900
Served asset /analyze.css - 304 Not Modified (3ms)


Started GET "/assets/jquery.js?body=1" for 127.0.0.1 at 2013-04-02 18:27:46 +0900
Served asset /jquery.js - 304 Not Modified (7ms)


Started GET "/assets/wines/analyze.css?body=1" for 127.0.0.1 at 2013-04-02 18:27:46 +0900
Served asset /wines/analyze.css - 304 Not Modified (6ms)


Started GET "/assets/scaffolds.css?body=1" for 127.0.0.1 at 2013-04-02 18:27:46 +0900
Served asset /scaffolds.css - 304 Not Modified (5ms)


Started GET "/assets/jquery_ujs.js?body=1" for 127.0.0.1 at 2013-04-02 18:27:46 +0900
Served asset /jquery_ujs.js - 304 Not Modified (4ms)


Started GET "/assets/analyze.js?body=1" for 127.0.0.1 at 2013-04-02 18:27:46 +0900
Served asset /analyze.js - 304 Not Modified (3ms)


Started GET "/assets/wines.js?body=1" for 127.0.0.1 at 2013-04-02 18:27:46 +0900
Served asset /wines.js - 304 Not Modified (3ms)


Started GET "/assets/wines/analyze.js?body=1" for 127.0.0.1 at 2013-04-02 18:27:46 +0900
Served asset /wines/analyze.js - 304 Not Modified (3ms)


Started GET "/assets/application.js?body=1" for 127.0.0.1 at 2013-04-02 18:27:46 +0900
Served asset /application.js - 304 Not Modified (17ms)


Started GET "/wines/analyze/1" for 127.0.0.1 at 2013-04-02 18:30:02 +0900
Processing by Wines::AnalyzeController#show as HTML
  Parameters: {"id"=>"1"}
  [1m[36mWine Load (0.1ms)[0m  [1mSELECT "wines".* FROM "wines" [0m
  [1m[35mWine Load (0.2ms)[0m  SELECT "wines".* FROM "wines" WHERE "wines"."wine_id" = ? LIMIT 1  [["wine_id", "1"]]
Completed 500 Internal Server Error in 34ms

NoMethodError (undefined method `delete' for nil:NilClass):
  app/controllers/wines/analyze_controller.rb:24:in `block (2 levels) in show'
  app/controllers/wines/analyze_controller.rb:23:in `each'
  app/controllers/wines/analyze_controller.rb:23:in `block in show'
  app/controllers/wines/analyze_controller.rb:21:in `each'
  app/controllers/wines/analyze_controller.rb:21:in `show'


  Rendered /Users/skd/.rbenv/versions/1.9.3-p392/lib/ruby/gems/1.9.1/gems/actionpack-3.2.13/lib/action_dispatch/middleware/templates/rescues/_trace.erb (2.1ms)
  Rendered /Users/skd/.rbenv/versions/1.9.3-p392/lib/ruby/gems/1.9.1/gems/actionpack-3.2.13/lib/action_dispatch/middleware/templates/rescues/_request_and_response.erb (1.6ms)
  Rendered /Users/skd/.rbenv/versions/1.9.3-p392/lib/ruby/gems/1.9.1/gems/actionpack-3.2.13/lib/action_dispatch/middleware/templates/rescues/diagnostics.erb within rescues/layout (15.3ms)


Started GET "/wines/analyze/1" for 127.0.0.1 at 2013-04-02 18:31:06 +0900

SyntaxError (/Users/skd/develop/git/study/web/app/controllers/wines/analyze_controller.rb:45: syntax error, unexpected keyword_end, expecting $end):
  activesupport (3.2.13) lib/active_support/dependencies.rb:469:in `load'
  activesupport (3.2.13) lib/active_support/dependencies.rb:469:in `block in load_file'
  activesupport (3.2.13) lib/active_support/dependencies.rb:639:in `new_constants_in'
  activesupport (3.2.13) lib/active_support/dependencies.rb:468:in `load_file'
  activesupport (3.2.13) lib/active_support/dependencies.rb:353:in `require_or_load'
  activesupport (3.2.13) lib/active_support/dependencies.rb:502:in `load_missing_constant'
  activesupport (3.2.13) lib/active_support/dependencies.rb:192:in `block in const_missing'
  activesupport (3.2.13) lib/active_support/dependencies.rb:190:in `each'
  activesupport (3.2.13) lib/active_support/dependencies.rb:190:in `const_missing'
  activesupport (3.2.13) lib/active_support/inflector/methods.rb:230:in `block in constantize'
  activesupport (3.2.13) lib/active_support/inflector/methods.rb:229:in `each'
  activesupport (3.2.13) lib/active_support/inflector/methods.rb:229:in `constantize'
  activesupport (3.2.13) lib/active_support/dependencies.rb:554:in `get'
  actionpack (3.2.13) lib/action_dispatch/routing/route_set.rb:69:in `controller_reference'
  actionpack (3.2.13) lib/action_dispatch/routing/route_set.rb:54:in `controller'
  actionpack (3.2.13) lib/action_dispatch/routing/route_set.rb:32:in `call'
  journey (1.0.4) lib/journey/router.rb:68:in `block in call'
  journey (1.0.4) lib/journey/router.rb:56:in `each'
  journey (1.0.4) lib/journey/router.rb:56:in `call'
  actionpack (3.2.13) lib/action_dispatch/routing/route_set.rb:612:in `call'
  actionpack (3.2.13) lib/action_dispatch/middleware/best_standards_support.rb:17:in `call'
  rack (1.4.5) lib/rack/etag.rb:23:in `call'
  rack (1.4.5) lib/rack/conditionalget.rb:25:in `call'
  actionpack (3.2.13) lib/action_dispatch/middleware/head.rb:14:in `call'
  actionpack (3.2.13) lib/action_dispatch/middleware/params_parser.rb:21:in `call'
  actionpack (3.2.13) lib/action_dispatch/middleware/flash.rb:242:in `call'
  rack (1.4.5) lib/rack/session/abstract/id.rb:210:in `context'
  rack (1.4.5) lib/rack/session/abstract/id.rb:205:in `call'
  actionpack (3.2.13) lib/action_dispatch/middleware/cookies.rb:341:in `call'
  activerecord (3.2.13) lib/active_record/query_cache.rb:64:in `call'
  activerecord (3.2.13) lib/active_record/connection_adapters/abstract/connection_pool.rb:479:in `call'
  actionpack (3.2.13) lib/action_dispatch/middleware/callbacks.rb:28:in `block in call'
  activesupport (3.2.13) lib/active_support/callbacks.rb:405:in `_run__4383105433545763701__call__3822654689080757476__callbacks'
  activesupport (3.2.13) lib/active_support/callbacks.rb:405:in `__run_callback'
  activesupport (3.2.13) lib/active_support/callbacks.rb:385:in `_run_call_callbacks'
  activesupport (3.2.13) lib/active_support/callbacks.rb:81:in `run_callbacks'
  actionpack (3.2.13) lib/action_dispatch/middleware/callbacks.rb:27:in `call'
  actionpack (3.2.13) lib/action_dispatch/middleware/reloader.rb:65:in `call'
  actionpack (3.2.13) lib/action_dispatch/middleware/remote_ip.rb:31:in `call'
  actionpack (3.2.13) lib/action_dispatch/middleware/debug_exceptions.rb:16:in `call'
  actionpack (3.2.13) lib/action_dispatch/middleware/show_exceptions.rb:56:in `call'
  railties (3.2.13) lib/rails/rack/logger.rb:32:in `call_app'
  railties (3.2.13) lib/rails/rack/logger.rb:16:in `block in call'
  activesupport (3.2.13) lib/active_support/tagged_logging.rb:22:in `tagged'
  railties (3.2.13) lib/rails/rack/logger.rb:16:in `call'
  actionpack (3.2.13) lib/action_dispatch/middleware/request_id.rb:22:in `call'
  rack (1.4.5) lib/rack/methodoverride.rb:21:in `call'
  rack (1.4.5) lib/rack/runtime.rb:17:in `call'
  activesupport (3.2.13) lib/active_support/cache/strategy/local_cache.rb:72:in `call'
  rack (1.4.5) lib/rack/lock.rb:15:in `call'
  actionpack (3.2.13) lib/action_dispatch/middleware/static.rb:63:in `call'
  railties (3.2.13) lib/rails/engine.rb:479:in `call'
  railties (3.2.13) lib/rails/application.rb:223:in `call'
  rack (1.4.5) lib/rack/content_length.rb:14:in `call'
  railties (3.2.13) lib/rails/rack/log_tailer.rb:17:in `call'
  rack (1.4.5) lib/rack/handler/webrick.rb:59:in `service'
  /Users/skd/.rbenv/versions/1.9.3-p392/lib/ruby/1.9.1/webrick/httpserver.rb:138:in `service'
  /Users/skd/.rbenv/versions/1.9.3-p392/lib/ruby/1.9.1/webrick/httpserver.rb:94:in `run'
  /Users/skd/.rbenv/versions/1.9.3-p392/lib/ruby/1.9.1/webrick/server.rb:191:in `block in start_thread'


  Rendered /Users/skd/.rbenv/versions/1.9.3-p392/lib/ruby/gems/1.9.1/gems/actionpack-3.2.13/lib/action_dispatch/middleware/templates/rescues/_trace.erb (2.3ms)
  Rendered /Users/skd/.rbenv/versions/1.9.3-p392/lib/ruby/gems/1.9.1/gems/actionpack-3.2.13/lib/action_dispatch/middleware/templates/rescues/_request_and_response.erb (1.8ms)
  Rendered /Users/skd/.rbenv/versions/1.9.3-p392/lib/ruby/gems/1.9.1/gems/actionpack-3.2.13/lib/action_dispatch/middleware/templates/rescues/diagnostics.erb within rescues/layout (18.3ms)


Started GET "/wines/analyze/1" for 127.0.0.1 at 2013-04-02 18:31:26 +0900
Processing by Wines::AnalyzeController#show as HTML
  Parameters: {"id"=>"1"}
  [1m[36mWine Load (0.1ms)[0m  [1mSELECT "wines".* FROM "wines" [0m
  [1m[35mWine Load (0.2ms)[0m  SELECT "wines".* FROM "wines" WHERE "wines"."wine_id" = ? LIMIT 1  [["wine_id", "1"]]
Completed 500 Internal Server Error in 33ms

NoMethodError (undefined method `delete' for nil:NilClass):
  app/controllers/wines/analyze_controller.rb:24:in `block (2 levels) in show'
  app/controllers/wines/analyze_controller.rb:23:in `each'
  app/controllers/wines/analyze_controller.rb:23:in `block in show'
  app/controllers/wines/analyze_controller.rb:21:in `each'
  app/controllers/wines/analyze_controller.rb:21:in `show'


  Rendered /Users/skd/.rbenv/versions/1.9.3-p392/lib/ruby/gems/1.9.1/gems/actionpack-3.2.13/lib/action_dispatch/middleware/templates/rescues/_trace.erb (21.6ms)
  Rendered /Users/skd/.rbenv/versions/1.9.3-p392/lib/ruby/gems/1.9.1/gems/actionpack-3.2.13/lib/action_dispatch/middleware/templates/rescues/_request_and_response.erb (1.6ms)
  Rendered /Users/skd/.rbenv/versions/1.9.3-p392/lib/ruby/gems/1.9.1/gems/actionpack-3.2.13/lib/action_dispatch/middleware/templates/rescues/diagnostics.erb within rescues/layout (34.0ms)


Started GET "/wines/analyze/1" for 127.0.0.1 at 2013-04-02 18:31:41 +0900
Processing by Wines::AnalyzeController#show as HTML
  Parameters: {"id"=>"1"}
  [1m[36mWine Load (0.1ms)[0m  [1mSELECT "wines".* FROM "wines" [0m
  [1m[35mWine Load (0.2ms)[0m  SELECT "wines".* FROM "wines" WHERE "wines"."wine_id" = ? LIMIT 1  [["wine_id", "1"]]
Completed 500 Internal Server Error in 34ms

NoMethodError (undefined method `delete' for nil:NilClass):
  app/controllers/wines/analyze_controller.rb:24:in `block (2 levels) in show'
  app/controllers/wines/analyze_controller.rb:23:in `each'
  app/controllers/wines/analyze_controller.rb:23:in `block in show'
  app/controllers/wines/analyze_controller.rb:21:in `each'
  app/controllers/wines/analyze_controller.rb:21:in `show'


  Rendered /Users/skd/.rbenv/versions/1.9.3-p392/lib/ruby/gems/1.9.1/gems/actionpack-3.2.13/lib/action_dispatch/middleware/templates/rescues/_trace.erb (2.1ms)
  Rendered /Users/skd/.rbenv/versions/1.9.3-p392/lib/ruby/gems/1.9.1/gems/actionpack-3.2.13/lib/action_dispatch/middleware/templates/rescues/_request_and_response.erb (1.7ms)
  Rendered /Users/skd/.rbenv/versions/1.9.3-p392/lib/ruby/gems/1.9.1/gems/actionpack-3.2.13/lib/action_dispatch/middleware/templates/rescues/diagnostics.erb within rescues/layout (16.6ms)
Connecting to database specified by database.yml


Started GET "/assets/rails.png" for 127.0.0.1 at 2013-04-02 18:46:33 +0900
Served asset /rails.png - 200 OK (7ms)


Started GET "/wines" for 127.0.0.1 at 2013-04-02 18:46:37 +0900
Processing by WinesController#index as HTML
  [1m[36mWine Load (0.7ms)[0m  [1mSELECT "wines".* FROM "wines" [0m
  Rendered wines/index.html.erb within layouts/application (22.6ms)
Completed 200 OK in 339ms (Views: 234.2ms | ActiveRecord: 40.9ms)


Started GET "/assets/analyze.css?body=1" for 127.0.0.1 at 2013-04-02 18:46:37 +0900
Served asset /analyze.css - 200 OK (6ms)


Started GET "/assets/wines.css?body=1" for 127.0.0.1 at 2013-04-02 18:46:37 +0900
Served asset /wines.css - 200 OK (10ms)


Started GET "/assets/application.css?body=1" for 127.0.0.1 at 2013-04-02 18:46:37 +0900
Served asset /application.css - 200 OK (27ms)


Started GET "/assets/scaffolds.css?body=1" for 127.0.0.1 at 2013-04-02 18:46:37 +0900
Served asset /scaffolds.css - 200 OK (44ms)


Started GET "/assets/wines/analyze.css?body=1" for 127.0.0.1 at 2013-04-02 18:46:37 +0900
Served asset /wines/analyze.css - 200 OK (6ms)


Started GET "/assets/jquery.js?body=1" for 127.0.0.1 at 2013-04-02 18:46:38 +0900
Served asset /jquery.js - 200 OK (14ms)


Started GET "/assets/jquery_ujs.js?body=1" for 127.0.0.1 at 2013-04-02 18:46:38 +0900
Served asset /jquery_ujs.js - 200 OK (7ms)


Started GET "/assets/analyze.js?body=1" for 127.0.0.1 at 2013-04-02 18:46:38 +0900
Served asset /analyze.js - 200 OK (5ms)


Started GET "/assets/wines.js?body=1" for 127.0.0.1 at 2013-04-02 18:46:38 +0900
Served asset /wines.js - 200 OK (5ms)


Started GET "/assets/wines/analyze.js?body=1" for 127.0.0.1 at 2013-04-02 18:46:38 +0900
Served asset /wines/analyze.js - 200 OK (5ms)


Started GET "/assets/application.js?body=1" for 127.0.0.1 at 2013-04-02 18:46:38 +0900
Served asset /application.js - 200 OK (33ms)


Started GET "/wines/analyze/1" for 127.0.0.1 at 2013-04-02 18:46:39 +0900
Processing by Wines::AnalyzeController#show as HTML
  Parameters: {"id"=>"1"}
  [1m[35mWine Load (0.3ms)[0m  SELECT "wines".* FROM "wines" 
  [1m[36mWine Load (0.5ms)[0m  [1mSELECT "wines".* FROM "wines" WHERE "wines"."wine_id" = ? LIMIT 1[0m  [["wine_id", "1"]]
Completed 500 Internal Server Error in 66612ms

NoMethodError (undefined method `delete' for nil:NilClass):
  app/controllers/wines/analyze_controller.rb:24:in `block (2 levels) in show'
  app/controllers/wines/analyze_controller.rb:23:in `each'
  app/controllers/wines/analyze_controller.rb:23:in `block in show'
  app/controllers/wines/analyze_controller.rb:21:in `each'
  app/controllers/wines/analyze_controller.rb:21:in `show'


  Rendered /Users/skd/.rbenv/versions/1.9.3-p392/lib/ruby/gems/1.9.1/gems/actionpack-3.2.13/lib/action_dispatch/middleware/templates/rescues/_trace.erb (49.7ms)
  Rendered /Users/skd/.rbenv/versions/1.9.3-p392/lib/ruby/gems/1.9.1/gems/actionpack-3.2.13/lib/action_dispatch/middleware/templates/rescues/_request_and_response.erb (2.7ms)
  Rendered /Users/skd/.rbenv/versions/1.9.3-p392/lib/ruby/gems/1.9.1/gems/actionpack-3.2.13/lib/action_dispatch/middleware/templates/rescues/diagnostics.erb within rescues/layout (102.6ms)


Started GET "/wines/analyze/1" for 127.0.0.1 at 2013-04-02 18:47:50 +0900
Processing by Wines::AnalyzeController#show as HTML
  Parameters: {"id"=>"1"}
  [1m[35mWine Load (0.4ms)[0m  SELECT "wines".* FROM "wines" 
  [1m[36mWine Load (0.3ms)[0m  [1mSELECT "wines".* FROM "wines" WHERE "wines"."wine_id" = ? LIMIT 1[0m  [["wine_id", "1"]]
Completed 500 Internal Server Error in 14209ms

NoMethodError (undefined method `delete' for nil:NilClass):
  app/controllers/wines/analyze_controller.rb:24:in `block (2 levels) in show'
  app/controllers/wines/analyze_controller.rb:23:in `each'
  app/controllers/wines/analyze_controller.rb:23:in `block in show'
  app/controllers/wines/analyze_controller.rb:21:in `each'
  app/controllers/wines/analyze_controller.rb:21:in `show'


  Rendered /Users/skd/.rbenv/versions/1.9.3-p392/lib/ruby/gems/1.9.1/gems/actionpack-3.2.13/lib/action_dispatch/middleware/templates/rescues/_trace.erb (4.7ms)
  Rendered /Users/skd/.rbenv/versions/1.9.3-p392/lib/ruby/gems/1.9.1/gems/actionpack-3.2.13/lib/action_dispatch/middleware/templates/rescues/_request_and_response.erb (2.7ms)
  Rendered /Users/skd/.rbenv/versions/1.9.3-p392/lib/ruby/gems/1.9.1/gems/actionpack-3.2.13/lib/action_dispatch/middleware/templates/rescues/diagnostics.erb within rescues/layout (21.9ms)


Started GET "/wines/analyze/1" for 127.0.0.1 at 2013-04-02 18:48:08 +0900
Processing by Wines::AnalyzeController#show as HTML
  Parameters: {"id"=>"1"}
  [1m[35mWine Load (0.3ms)[0m  SELECT "wines".* FROM "wines" 
  [1m[36mWine Load (0.2ms)[0m  [1mSELECT "wines".* FROM "wines" WHERE "wines"."wine_id" = ? LIMIT 1[0m  [["wine_id", "1"]]
Completed 500 Internal Server Error in 105852ms

NoMethodError (undefined method `delete' for nil:NilClass):
  app/controllers/wines/analyze_controller.rb:24:in `block (2 levels) in show'
  app/controllers/wines/analyze_controller.rb:23:in `each'
  app/controllers/wines/analyze_controller.rb:23:in `block in show'
  app/controllers/wines/analyze_controller.rb:21:in `each'
  app/controllers/wines/analyze_controller.rb:21:in `show'


  Rendered /Users/skd/.rbenv/versions/1.9.3-p392/lib/ruby/gems/1.9.1/gems/actionpack-3.2.13/lib/action_dispatch/middleware/templates/rescues/_trace.erb (3.5ms)
  Rendered /Users/skd/.rbenv/versions/1.9.3-p392/lib/ruby/gems/1.9.1/gems/actionpack-3.2.13/lib/action_dispatch/middleware/templates/rescues/_request_and_response.erb (2.7ms)
  Rendered /Users/skd/.rbenv/versions/1.9.3-p392/lib/ruby/gems/1.9.1/gems/actionpack-3.2.13/lib/action_dispatch/middleware/templates/rescues/diagnostics.erb within rescues/layout (21.4ms)


Started GET "/wines/analyze/1" for 127.0.0.1 at 2013-04-02 18:53:32 +0900
Processing by Wines::AnalyzeController#show as HTML
  Parameters: {"id"=>"1"}
  [1m[35mWine Load (0.2ms)[0m  SELECT "wines".* FROM "wines" 
  [1m[36mWine Load (0.4ms)[0m  [1mSELECT "wines".* FROM "wines" WHERE "wines"."wine_id" = ? LIMIT 1[0m  [["wine_id", "1"]]
Completed 500 Internal Server Error in 4905ms

NoMethodError (undefined method `delete' for nil:NilClass):
  app/controllers/wines/analyze_controller.rb:24:in `block (2 levels) in show'
  app/controllers/wines/analyze_controller.rb:23:in `each'
  app/controllers/wines/analyze_controller.rb:23:in `block in show'
  app/controllers/wines/analyze_controller.rb:21:in `each'
  app/controllers/wines/analyze_controller.rb:21:in `show'


  Rendered /Users/skd/.rbenv/versions/1.9.3-p392/lib/ruby/gems/1.9.1/gems/actionpack-3.2.13/lib/action_dispatch/middleware/templates/rescues/_trace.erb (4.9ms)
  Rendered /Users/skd/.rbenv/versions/1.9.3-p392/lib/ruby/gems/1.9.1/gems/actionpack-3.2.13/lib/action_dispatch/middleware/templates/rescues/_request_and_response.erb (3.9ms)
  Rendered /Users/skd/.rbenv/versions/1.9.3-p392/lib/ruby/gems/1.9.1/gems/actionpack-3.2.13/lib/action_dispatch/middleware/templates/rescues/diagnostics.erb within rescues/layout (26.3ms)
Connecting to database specified by database.yml
Connecting to database specified by database.yml
Connecting to database specified by database.yml
Connecting to database specified by database.yml
  [1m[36m (7.6ms)[0m  [1mSELECT "schema_migrations"."version" FROM "schema_migrations" [0m
Migrating to CreateAnlyzeResults (20130401131534)
Migrating to AnlyzeResults (20130401131705)
Migrating to CreateWines (20130402080155)
Migrating to AnalyzeResult (20130402090955)
Migrating to CreateAnalyzeResult (20130402095639)
  [1m[35m (0.1ms)[0m  select sqlite_version(*)
  [1m[36m (0.1ms)[0m  [1mbegin transaction[0m
  [1m[35m (0.2ms)[0m  CREATE TABLE "analyze_results" ("id" INTEGER PRIMARY KEY AUTOINCREMENT NOT NULL, "wine_id" varchar(255), "word" varchar(255), "remarks" varchar(255), "count" integer, "created_at" datetime NOT NULL, "updated_at" datetime NOT NULL) 
SQLite3::SQLException: table "analyze_results" already exists: CREATE TABLE "analyze_results" ("id" INTEGER PRIMARY KEY AUTOINCREMENT NOT NULL, "wine_id" varchar(255), "word" varchar(255), "remarks" varchar(255), "count" integer, "created_at" datetime NOT NULL, "updated_at" datetime NOT NULL) 
  [1m[36m (0.1ms)[0m  [1mrollback transaction[0m
Connecting to database specified by database.yml
Connecting to database specified by database.yml
Connecting to database specified by database.yml
  [1m[36m (3.0ms)[0m  [1mSELECT "schema_migrations"."version" FROM "schema_migrations" [0m
Migrating to CreateAnlyzeResults (20130401131534)
Migrating to AnlyzeResults (20130401131705)
Migrating to CreateWines (20130402080155)
Migrating to AnalyzeResult (20130402090955)
Migrating to CreateAnalyzeResults (20130402095934)
  [1m[35m (0.1ms)[0m  select sqlite_version(*)
  [1m[36m (0.1ms)[0m  [1mbegin transaction[0m
  [1m[35m (0.2ms)[0m  CREATE TABLE "analyze_results" ("id" INTEGER PRIMARY KEY AUTOINCREMENT NOT NULL, "wine_id" varchar(255), "word" varchar(255), "count" integer, "remarks" varchar(255), "created_at" datetime NOT NULL, "updated_at" datetime NOT NULL) 
SQLite3::SQLException: table "analyze_results" already exists: CREATE TABLE "analyze_results" ("id" INTEGER PRIMARY KEY AUTOINCREMENT NOT NULL, "wine_id" varchar(255), "word" varchar(255), "count" integer, "remarks" varchar(255), "created_at" datetime NOT NULL, "updated_at" datetime NOT NULL) 
  [1m[36m (0.1ms)[0m  [1mrollback transaction[0m
Connecting to database specified by database.yml
  [1m[36m (3.0ms)[0m  [1mSELECT "schema_migrations"."version" FROM "schema_migrations" [0m
Migrating to CreateAnlyzeResults (20130401131534)
Migrating to AnlyzeResults (20130401131705)
Migrating to CreateWines (20130402080155)
Migrating to AnalyzeResult (20130402090955)
Migrating to CreateAnalyzeResults (20130402095934)
  [1m[35m (0.1ms)[0m  select sqlite_version(*)
  [1m[36m (0.1ms)[0m  [1mbegin transaction[0m
  [1m[35m (0.4ms)[0m  CREATE TABLE "analyze_results" ("id" INTEGER PRIMARY KEY AUTOINCREMENT NOT NULL, "wine_id" varchar(255), "word" varchar(255), "count" integer, "remarks" varchar(255), "created_at" datetime NOT NULL, "updated_at" datetime NOT NULL) 
  [1m[36m (0.1ms)[0m  [1mINSERT INTO "schema_migrations" ("version") VALUES ('20130402095934')[0m
  [1m[35m (2.6ms)[0m  commit transaction
  [1m[36m (0.1ms)[0m  [1mSELECT "schema_migrations"."version" FROM "schema_migrations" [0m


Started GET "/wines/analyze/1" for 127.0.0.1 at 2013-04-02 19:02:27 +0900
Processing by Wines::AnalyzeController#show as HTML
  Parameters: {"id"=>"1"}
  [1m[35mWine Load (0.2ms)[0m  SELECT "wines".* FROM "wines" 
  [1m[36mWine Load (0.3ms)[0m  [1mSELECT "wines".* FROM "wines" WHERE "wines"."wine_id" = ? LIMIT 1[0m  [["wine_id", "1"]]
  [1m[35m (0.1ms)[0m  begin transaction
  [1m[36mSQL (17.4ms)[0m  [1mINSERT INTO "analyze_results" ("count", "created_at", "remarks", "updated_at", "wine_id", "word") VALUES (?, ?, ?, ?, ?, ?)[0m  [["count", nil], ["created_at", Tue, 02 Apr 2013 10:02:34 UTC +00:00], ["remarks", nil], ["updated_at", Tue, 02 Apr 2013 10:02:34 UTC +00:00], ["wine_id", nil], ["word", nil]]
  [1m[35m (1.2ms)[0m  commit transaction
Connecting to database specified by database.yml


Started GET "/wines/analyze/1" for 127.0.0.1 at 2013-04-02 19:03:00 +0900
Processing by Wines::AnalyzeController#show as HTML
  Parameters: {"id"=>"1"}
  [1m[36mWine Load (0.2ms)[0m  [1mSELECT "wines".* FROM "wines" [0m
  [1m[35mWine Load (0.4ms)[0m  SELECT "wines".* FROM "wines" WHERE "wines"."wine_id" = ? LIMIT 1  [["wine_id", "1"]]
  [1m[36m (0.2ms)[0m  [1mbegin transaction[0m
  [1m[35mSQL (14.3ms)[0m  INSERT INTO "analyze_results" ("count", "created_at", "remarks", "updated_at", "wine_id", "word") VALUES (?, ?, ?, ?, ?, ?)  [["count", nil], ["created_at", Tue, 02 Apr 2013 10:03:37 UTC +00:00], ["remarks", nil], ["updated_at", Tue, 02 Apr 2013 10:03:37 UTC +00:00], ["wine_id", nil], ["word", nil]]
  [1m[36m (2.5ms)[0m  [1mcommit transaction[0m
  [1m[35m (0.2ms)[0m  begin transaction
  [1m[36mSQL (1.0ms)[0m  [1mINSERT INTO "analyze_results" ("count", "created_at", "remarks", "updated_at", "wine_id", "word") VALUES (?, ?, ?, ?, ?, ?)[0m  [["count", nil], ["created_at", Tue, 02 Apr 2013 10:03:41 UTC +00:00], ["remarks", nil], ["updated_at", Tue, 02 Apr 2013 10:03:41 UTC +00:00], ["wine_id", nil], ["word", nil]]
  [1m[35m (2.2ms)[0m  commit transaction
  Rendered wines/analyze/show.html.erb within layouts/application (15.6ms)
Completed 200 OK in 40797ms (Views: 255.1ms | ActiveRecord: 26.0ms)


Started GET "/assets/application.css?body=1" for 127.0.0.1 at 2013-04-02 19:03:41 +0900
Served asset /application.css - 304 Not Modified (49ms)


Started GET "/assets/analyze.css?body=1" for 127.0.0.1 at 2013-04-02 19:03:41 +0900
Served asset /analyze.css - 304 Not Modified (8ms)


Started GET "/assets/scaffolds.css?body=1" for 127.0.0.1 at 2013-04-02 19:03:41 +0900
Served asset /scaffolds.css - 304 Not Modified (5ms)


Started GET "/assets/wines.css?body=1" for 127.0.0.1 at 2013-04-02 19:03:41 +0900
Served asset /wines.css - 304 Not Modified (6ms)


Started GET "/assets/wines/analyze.css?body=1" for 127.0.0.1 at 2013-04-02 19:03:41 +0900
Served asset /wines/analyze.css - 304 Not Modified (11ms)


Started GET "/assets/jquery.js?body=1" for 127.0.0.1 at 2013-04-02 19:03:41 +0900
Served asset /jquery.js - 304 Not Modified (11ms)


Started GET "/assets/jquery_ujs.js?body=1" for 127.0.0.1 at 2013-04-02 19:03:41 +0900
Served asset /jquery_ujs.js - 304 Not Modified (11ms)


Started GET "/assets/analyze.js?body=1" for 127.0.0.1 at 2013-04-02 19:03:41 +0900
Served asset /analyze.js - 304 Not Modified (4ms)


Started GET "/assets/wines.js?body=1" for 127.0.0.1 at 2013-04-02 19:03:41 +0900
Served asset /wines.js - 304 Not Modified (5ms)


Started GET "/assets/wines/analyze.js?body=1" for 127.0.0.1 at 2013-04-02 19:03:41 +0900
Served asset /wines/analyze.js - 304 Not Modified (5ms)


Started GET "/assets/application.js?body=1" for 127.0.0.1 at 2013-04-02 19:03:41 +0900
Served asset /application.js - 304 Not Modified (28ms)


Started GET "/wines" for 127.0.0.1 at 2013-04-02 19:03:50 +0900
Processing by WinesController#index as HTML
  [1m[36mWine Load (0.4ms)[0m  [1mSELECT "wines".* FROM "wines" [0m
  Rendered wines/index.html.erb within layouts/application (58.6ms)
Completed 200 OK in 157ms (Views: 153.2ms | ActiveRecord: 0.4ms)


Started GET "/assets/application.css?body=1" for 127.0.0.1 at 2013-04-02 19:03:50 +0900
Served asset /application.css - 304 Not Modified (1ms)


Started GET "/assets/wines.css?body=1" for 127.0.0.1 at 2013-04-02 19:03:50 +0900
Served asset /wines.css - 304 Not Modified (0ms)


Started GET "/assets/analyze.css?body=1" for 127.0.0.1 at 2013-04-02 19:03:50 +0900
Served asset /analyze.css - 304 Not Modified (0ms)


Started GET "/assets/wines/analyze.css?body=1" for 127.0.0.1 at 2013-04-02 19:03:50 +0900
Served asset /wines/analyze.css - 304 Not Modified (0ms)


Started GET "/assets/scaffolds.css?body=1" for 127.0.0.1 at 2013-04-02 19:03:50 +0900
Served asset /scaffolds.css - 304 Not Modified (0ms)


Started GET "/assets/jquery.js?body=1" for 127.0.0.1 at 2013-04-02 19:03:50 +0900
Served asset /jquery.js - 304 Not Modified (0ms)


Started GET "/assets/jquery_ujs.js?body=1" for 127.0.0.1 at 2013-04-02 19:03:50 +0900
Served asset /jquery_ujs.js - 304 Not Modified (0ms)


Started GET "/assets/analyze.js?body=1" for 127.0.0.1 at 2013-04-02 19:03:50 +0900
Served asset /analyze.js - 304 Not Modified (0ms)


Started GET "/assets/wines.js?body=1" for 127.0.0.1 at 2013-04-02 19:03:50 +0900
Served asset /wines.js - 304 Not Modified (0ms)


Started GET "/assets/wines/analyze.js?body=1" for 127.0.0.1 at 2013-04-02 19:03:50 +0900
Served asset /wines/analyze.js - 304 Not Modified (0ms)


Started GET "/assets/application.js?body=1" for 127.0.0.1 at 2013-04-02 19:03:50 +0900
Served asset /application.js - 304 Not Modified (1ms)


Started GET "/wines/analyze/2" for 127.0.0.1 at 2013-04-02 19:03:53 +0900
Processing by Wines::AnalyzeController#show as HTML
  Parameters: {"id"=>"2"}
  [1m[35mWine Load (0.4ms)[0m  SELECT "wines".* FROM "wines" 
  [1m[36mWine Load (0.2ms)[0m  [1mSELECT "wines".* FROM "wines" WHERE "wines"."wine_id" = ? LIMIT 1[0m  [["wine_id", "2"]]
  [1m[35m (0.2ms)[0m  begin transaction
  [1m[36mSQL (1.0ms)[0m  [1mINSERT INTO "analyze_results" ("count", "created_at", "remarks", "updated_at", "wine_id", "word") VALUES (?, ?, ?, ?, ?, ?)[0m  [["count", nil], ["created_at", Tue, 02 Apr 2013 10:03:54 UTC +00:00], ["remarks", nil], ["updated_at", Tue, 02 Apr 2013 10:03:54 UTC +00:00], ["wine_id", nil], ["word", nil]]
  [1m[35m (2.0ms)[0m  commit transaction
  [1m[36m (0.2ms)[0m  [1mbegin transaction[0m
  [1m[35mSQL (0.9ms)[0m  INSERT INTO "analyze_results" ("count", "created_at", "remarks", "updated_at", "wine_id", "word") VALUES (?, ?, ?, ?, ?, ?)  [["count", nil], ["created_at", Tue, 02 Apr 2013 10:03:58 UTC +00:00], ["remarks", nil], ["updated_at", Tue, 02 Apr 2013 10:03:58 UTC +00:00], ["wine_id", nil], ["word", nil]]
  [1m[36m (2.7ms)[0m  [1mcommit transaction[0m
  Rendered wines/analyze/show.html.erb within layouts/application (2.5ms)
Completed 200 OK in 5820ms (Views: 152.1ms | ActiveRecord: 7.6ms)


Started GET "/assets/application.css?body=1" for 127.0.0.1 at 2013-04-02 19:03:58 +0900
Served asset /application.css - 304 Not Modified (1ms)


Started GET "/assets/analyze.css?body=1" for 127.0.0.1 at 2013-04-02 19:03:58 +0900
Served asset /analyze.css - 304 Not Modified (0ms)


Started GET "/assets/wines.css?body=1" for 127.0.0.1 at 2013-04-02 19:03:58 +0900
Served asset /wines.css - 304 Not Modified (0ms)


Started GET "/assets/wines/analyze.css?body=1" for 127.0.0.1 at 2013-04-02 19:03:58 +0900
Served asset /wines/analyze.css - 304 Not Modified (0ms)


Started GET "/assets/jquery.js?body=1" for 127.0.0.1 at 2013-04-02 19:03:58 +0900
Served asset /jquery.js - 304 Not Modified (0ms)


Started GET "/assets/scaffolds.css?body=1" for 127.0.0.1 at 2013-04-02 19:03:58 +0900
Served asset /scaffolds.css - 304 Not Modified (0ms)


Started GET "/assets/jquery_ujs.js?body=1" for 127.0.0.1 at 2013-04-02 19:03:58 +0900
Served asset /jquery_ujs.js - 304 Not Modified (0ms)


Started GET "/assets/analyze.js?body=1" for 127.0.0.1 at 2013-04-02 19:03:59 +0900
Served asset /analyze.js - 304 Not Modified (0ms)


Started GET "/assets/wines.js?body=1" for 127.0.0.1 at 2013-04-02 19:03:59 +0900
Served asset /wines.js - 304 Not Modified (0ms)


Started GET "/assets/wines/analyze.js?body=1" for 127.0.0.1 at 2013-04-02 19:03:59 +0900
Served asset /wines/analyze.js - 304 Not Modified (0ms)


Started GET "/assets/application.js?body=1" for 127.0.0.1 at 2013-04-02 19:03:59 +0900
Served asset /application.js - 304 Not Modified (1ms)


Started GET "/wines" for 127.0.0.1 at 2013-04-02 19:04:14 +0900
Processing by WinesController#index as HTML
  [1m[35mWine Load (0.2ms)[0m  SELECT "wines".* FROM "wines" 
  Rendered wines/index.html.erb within layouts/application (12.6ms)
Completed 200 OK in 176ms (Views: 113.1ms | ActiveRecord: 1.0ms)


Started GET "/assets/analyze.css?body=1" for 127.0.0.1 at 2013-04-02 19:04:14 +0900
Served asset /analyze.css - 304 Not Modified (0ms)


Started GET "/assets/application.css?body=1" for 127.0.0.1 at 2013-04-02 19:04:14 +0900
Served asset /application.css - 304 Not Modified (1ms)


Started GET "/assets/jquery.js?body=1" for 127.0.0.1 at 2013-04-02 19:04:14 +0900
Served asset /jquery.js - 304 Not Modified (0ms)


Started GET "/assets/wines.css?body=1" for 127.0.0.1 at 2013-04-02 19:04:15 +0900
Served asset /wines.css - 304 Not Modified (0ms)


Started GET "/assets/scaffolds.css?body=1" for 127.0.0.1 at 2013-04-02 19:04:15 +0900
Served asset /scaffolds.css - 304 Not Modified (0ms)


Started GET "/assets/wines/analyze.css?body=1" for 127.0.0.1 at 2013-04-02 19:04:15 +0900
Served asset /wines/analyze.css - 304 Not Modified (0ms)


Started GET "/assets/jquery_ujs.js?body=1" for 127.0.0.1 at 2013-04-02 19:04:15 +0900
Served asset /jquery_ujs.js - 304 Not Modified (0ms)


Started GET "/assets/wines.js?body=1" for 127.0.0.1 at 2013-04-02 19:04:15 +0900
Served asset /wines.js - 304 Not Modified (0ms)


Started GET "/assets/analyze.js?body=1" for 127.0.0.1 at 2013-04-02 19:04:15 +0900
Served asset /analyze.js - 304 Not Modified (0ms)


Started GET "/assets/wines/analyze.js?body=1" for 127.0.0.1 at 2013-04-02 19:04:15 +0900
Served asset /wines/analyze.js - 304 Not Modified (0ms)


Started GET "/assets/application.js?body=1" for 127.0.0.1 at 2013-04-02 19:04:15 +0900
Served asset /application.js - 304 Not Modified (1ms)


Started GET "/wines/analyze/1" for 127.0.0.1 at 2013-04-02 19:04:15 +0900
Processing by Wines::AnalyzeController#show as HTML
  Parameters: {"id"=>"1"}
  [1m[36mWine Load (0.4ms)[0m  [1mSELECT "wines".* FROM "wines" [0m
  [1m[35mWine Load (0.4ms)[0m  SELECT "wines".* FROM "wines" WHERE "wines"."wine_id" = ? LIMIT 1  [["wine_id", "1"]]
  [1m[36m (0.2ms)[0m  [1mbegin transaction[0m
  [1m[35mSQL (1.0ms)[0m  INSERT INTO "analyze_results" ("count", "created_at", "remarks", "updated_at", "wine_id", "word") VALUES (?, ?, ?, ?, ?, ?)  [["count", nil], ["created_at", Tue, 02 Apr 2013 10:04:17 UTC +00:00], ["remarks", nil], ["updated_at", Tue, 02 Apr 2013 10:04:17 UTC +00:00], ["wine_id", nil], ["word", nil]]
  [1m[36m (2.4ms)[0m  [1mcommit transaction[0m
  [1m[35m (0.2ms)[0m  begin transaction
  [1m[36mSQL (1.4ms)[0m  [1mINSERT INTO "analyze_results" ("count", "created_at", "remarks", "updated_at", "wine_id", "word") VALUES (?, ?, ?, ?, ?, ?)[0m  [["count", nil], ["created_at", Tue, 02 Apr 2013 10:04:21 UTC +00:00], ["remarks", nil], ["updated_at", Tue, 02 Apr 2013 10:04:21 UTC +00:00], ["wine_id", nil], ["word", nil]]
  [1m[35m (2.3ms)[0m  commit transaction
  Rendered wines/analyze/show.html.erb within layouts/application (3.2ms)
Completed 200 OK in 5778ms (Views: 119.3ms | ActiveRecord: 9.1ms)


Started GET "/assets/analyze.css?body=1" for 127.0.0.1 at 2013-04-02 19:04:21 +0900
Served asset /analyze.css - 304 Not Modified (0ms)


Started GET "/assets/application.css?body=1" for 127.0.0.1 at 2013-04-02 19:04:21 +0900
Served asset /application.css - 304 Not Modified (1ms)


Started GET "/assets/jquery.js?body=1" for 127.0.0.1 at 2013-04-02 19:04:21 +0900
Served asset /jquery.js - 304 Not Modified (0ms)


Started GET "/assets/wines/analyze.css?body=1" for 127.0.0.1 at 2013-04-02 19:04:21 +0900
Served asset /wines/analyze.css - 304 Not Modified (0ms)


Started GET "/assets/wines.css?body=1" for 127.0.0.1 at 2013-04-02 19:04:21 +0900
Served asset /wines.css - 304 Not Modified (0ms)


Started GET "/assets/scaffolds.css?body=1" for 127.0.0.1 at 2013-04-02 19:04:21 +0900
Served asset /scaffolds.css - 304 Not Modified (0ms)


Started GET "/assets/jquery_ujs.js?body=1" for 127.0.0.1 at 2013-04-02 19:04:21 +0900
Served asset /jquery_ujs.js - 304 Not Modified (0ms)


Started GET "/assets/analyze.js?body=1" for 127.0.0.1 at 2013-04-02 19:04:21 +0900
Served asset /analyze.js - 304 Not Modified (0ms)


Started GET "/assets/wines.js?body=1" for 127.0.0.1 at 2013-04-02 19:04:21 +0900
Served asset /wines.js - 304 Not Modified (0ms)


Started GET "/assets/application.js?body=1" for 127.0.0.1 at 2013-04-02 19:04:21 +0900
Served asset /application.js - 304 Not Modified (1ms)


Started GET "/assets/wines/analyze.js?body=1" for 127.0.0.1 at 2013-04-02 19:04:21 +0900
Served asset /wines/analyze.js - 304 Not Modified (0ms)


Started GET "/wines" for 127.0.0.1 at 2013-04-02 19:04:41 +0900
Processing by WinesController#index as HTML
  [1m[36mWine Load (0.3ms)[0m  [1mSELECT "wines".* FROM "wines" [0m
  Rendered wines/index.html.erb within layouts/application (9.9ms)
Completed 200 OK in 164ms (Views: 160.5ms | ActiveRecord: 0.3ms)


Started GET "/assets/application.css?body=1" for 127.0.0.1 at 2013-04-02 19:04:42 +0900
Served asset /application.css - 304 Not Modified (1ms)


Started GET "/assets/analyze.css?body=1" for 127.0.0.1 at 2013-04-02 19:04:42 +0900
Served asset /analyze.css - 304 Not Modified (0ms)


Started GET "/assets/jquery.js?body=1" for 127.0.0.1 at 2013-04-02 19:04:42 +0900
Served asset /jquery.js - 304 Not Modified (0ms)


Started GET "/assets/wines/analyze.css?body=1" for 127.0.0.1 at 2013-04-02 19:04:42 +0900
Served asset /wines/analyze.css - 304 Not Modified (0ms)


Started GET "/assets/scaffolds.css?body=1" for 127.0.0.1 at 2013-04-02 19:04:42 +0900
Served asset /scaffolds.css - 304 Not Modified (0ms)


Started GET "/assets/wines.css?body=1" for 127.0.0.1 at 2013-04-02 19:04:42 +0900
Served asset /wines.css - 304 Not Modified (0ms)


Started GET "/assets/jquery_ujs.js?body=1" for 127.0.0.1 at 2013-04-02 19:04:42 +0900
Served asset /jquery_ujs.js - 304 Not Modified (0ms)


Started GET "/assets/analyze.js?body=1" for 127.0.0.1 at 2013-04-02 19:04:42 +0900
Served asset /analyze.js - 304 Not Modified (0ms)


Started GET "/assets/wines.js?body=1" for 127.0.0.1 at 2013-04-02 19:04:42 +0900
Served asset /wines.js - 304 Not Modified (0ms)


Started GET "/assets/wines/analyze.js?body=1" for 127.0.0.1 at 2013-04-02 19:04:42 +0900
Served asset /wines/analyze.js - 304 Not Modified (0ms)


Started GET "/assets/application.js?body=1" for 127.0.0.1 at 2013-04-02 19:04:42 +0900
Served asset /application.js - 304 Not Modified (1ms)


Started GET "/wines/new" for 127.0.0.1 at 2013-04-02 19:04:43 +0900
Processing by WinesController#new as HTML
  Rendered wines/_form.html.erb (84.3ms)
  Rendered wines/new.html.erb within layouts/application (102.6ms)
Completed 200 OK in 292ms (Views: 289.3ms | ActiveRecord: 0.0ms)


Started GET "/assets/application.css?body=1" for 127.0.0.1 at 2013-04-02 19:04:43 +0900
Served asset /application.css - 304 Not Modified (1ms)


Started GET "/assets/analyze.css?body=1" for 127.0.0.1 at 2013-04-02 19:04:43 +0900
Served asset /analyze.css - 304 Not Modified (0ms)


Started GET "/assets/scaffolds.css?body=1" for 127.0.0.1 at 2013-04-02 19:04:43 +0900
Served asset /scaffolds.css - 304 Not Modified (0ms)


Started GET "/assets/wines/analyze.css?body=1" for 127.0.0.1 at 2013-04-02 19:04:43 +0900
Served asset /wines/analyze.css - 304 Not Modified (0ms)


Started GET "/assets/wines.css?body=1" for 127.0.0.1 at 2013-04-02 19:04:43 +0900
Served asset /wines.css - 304 Not Modified (0ms)


Started GET "/assets/jquery.js?body=1" for 127.0.0.1 at 2013-04-02 19:04:43 +0900
Served asset /jquery.js - 304 Not Modified (0ms)


Started GET "/assets/analyze.js?body=1" for 127.0.0.1 at 2013-04-02 19:04:43 +0900
Served asset /analyze.js - 304 Not Modified (0ms)


Started GET "/assets/jquery_ujs.js?body=1" for 127.0.0.1 at 2013-04-02 19:04:43 +0900
Served asset /jquery_ujs.js - 304 Not Modified (0ms)


Started GET "/assets/wines.js?body=1" for 127.0.0.1 at 2013-04-02 19:04:43 +0900
Served asset /wines.js - 304 Not Modified (0ms)


Started GET "/assets/wines/analyze.js?body=1" for 127.0.0.1 at 2013-04-02 19:04:43 +0900
Served asset /wines/analyze.js - 304 Not Modified (0ms)


Started GET "/assets/application.js?body=1" for 127.0.0.1 at 2013-04-02 19:04:43 +0900
Served asset /application.js - 304 Not Modified (1ms)


Started POST "/wines" for 127.0.0.1 at 2013-04-02 19:04:55 +0900
Processing by WinesController#create as HTML
  Parameters: {"utf8"=>"âœ“", "authenticity_token"=>"LG2Ue1IKUIYwayBQbRG/dyBgdZHG75PrVPCE8+LSHIs=", "wine"=>{"id"=>"3", "wine_name"=>"wine3", "comments"=>"ãƒ†ã‚¹ãƒˆã§ã™ã‚ˆã€‚", "price"=>"2000"}, "commit"=>"Create Wine"}
  [1m[35mWine Load (0.3ms)[0m  SELECT "wines".* FROM "wines" 
  [1m[36m (0.1ms)[0m  [1mbegin transaction[0m
  [1m[35mSQL (1.3ms)[0m  INSERT INTO "wines" ("comments", "created_at", "price", "updated_at", "wine_id", "wine_name") VALUES (?, ?, ?, ?, ?, ?)  [["comments", "ãƒ†ã‚¹ãƒˆã§ã™ã‚ˆã€‚"], ["created_at", Tue, 02 Apr 2013 10:04:55 UTC +00:00], ["price", #<BigDecimal:7fd665f546f8,'0.2E4',9(18)>], ["updated_at", Tue, 02 Apr 2013 10:04:55 UTC +00:00], ["wine_id", 3], ["wine_name", "wine3"]]
  [1m[36m (1.0ms)[0m  [1mcommit transaction[0m
  [1m[35m (0.2ms)[0m  begin transaction
  [1m[36mSQL (1.1ms)[0m  [1mINSERT INTO "analyze_results" ("count", "created_at", "remarks", "updated_at", "wine_id", "word") VALUES (?, ?, ?, ?, ?, ?)[0m  [["count", nil], ["created_at", Tue, 02 Apr 2013 10:04:55 UTC +00:00], ["remarks", nil], ["updated_at", Tue, 02 Apr 2013 10:04:55 UTC +00:00], ["wine_id", nil], ["word", nil]]
  [1m[35m (1.0ms)[0m  commit transaction
  [1m[36m (0.2ms)[0m  [1mbegin transaction[0m
  [1m[35mSQL (1.1ms)[0m  INSERT INTO "analyze_results" ("count", "created_at", "remarks", "updated_at", "wine_id", "word") VALUES (?, ?, ?, ?, ?, ?)  [["count", nil], ["created_at", Tue, 02 Apr 2013 10:04:55 UTC +00:00], ["remarks", nil], ["updated_at", Tue, 02 Apr 2013 10:04:55 UTC +00:00], ["wine_id", nil], ["word", nil]]
  [1m[36m (1.0ms)[0m  [1mcommit transaction[0m
  [1m[35m (0.2ms)[0m  begin transaction
  [1m[36mSQL (0.8ms)[0m  [1mINSERT INTO "analyze_results" ("count", "created_at", "remarks", "updated_at", "wine_id", "word") VALUES (?, ?, ?, ?, ?, ?)[0m  [["count", nil], ["created_at", Tue, 02 Apr 2013 10:04:55 UTC +00:00], ["remarks", nil], ["updated_at", Tue, 02 Apr 2013 10:04:55 UTC +00:00], ["wine_id", nil], ["word", nil]]
  [1m[35m (0.9ms)[0m  commit transaction
  [1m[36m (0.2ms)[0m  [1mbegin transaction[0m
  [1m[35mSQL (1.0ms)[0m  INSERT INTO "analyze_results" ("count", "created_at", "remarks", "updated_at", "wine_id", "word") VALUES (?, ?, ?, ?, ?, ?)  [["count", nil], ["created_at", Tue, 02 Apr 2013 10:04:55 UTC +00:00], ["remarks", nil], ["updated_at", Tue, 02 Apr 2013 10:04:55 UTC +00:00], ["wine_id", nil], ["word", nil]]
  [1m[36m (1.1ms)[0m  [1mcommit transaction[0m
  [1m[35m (0.1ms)[0m  begin transaction
  [1m[36mSQL (0.8ms)[0m  [1mINSERT INTO "analyze_results" ("count", "created_at", "remarks", "updated_at", "wine_id", "word") VALUES (?, ?, ?, ?, ?, ?)[0m  [["count", nil], ["created_at", Tue, 02 Apr 2013 10:04:55 UTC +00:00], ["remarks", nil], ["updated_at", Tue, 02 Apr 2013 10:04:55 UTC +00:00], ["wine_id", nil], ["word", nil]]
  [1m[35m (0.9ms)[0m  commit transaction
  [1m[36m (0.1ms)[0m  [1mbegin transaction[0m
  [1m[35mSQL (0.8ms)[0m  INSERT INTO "analyze_results" ("count", "created_at", "remarks", "updated_at", "wine_id", "word") VALUES (?, ?, ?, ?, ?, ?)  [["count", nil], ["created_at", Tue, 02 Apr 2013 10:04:55 UTC +00:00], ["remarks", nil], ["updated_at", Tue, 02 Apr 2013 10:04:55 UTC +00:00], ["wine_id", nil], ["word", nil]]
  [1m[36m (1.1ms)[0m  [1mcommit transaction[0m
  [1m[35m (0.1ms)[0m  begin transaction
  [1m[36mSQL (0.8ms)[0m  [1mINSERT INTO "analyze_results" ("count", "created_at", "remarks", "updated_at", "wine_id", "word") VALUES (?, ?, ?, ?, ?, ?)[0m  [["count", nil], ["created_at", Tue, 02 Apr 2013 10:04:55 UTC +00:00], ["remarks", nil], ["updated_at", Tue, 02 Apr 2013 10:04:55 UTC +00:00], ["wine_id", nil], ["word", nil]]
  [1m[35m (1.1ms)[0m  commit transaction
  [1m[36m (0.1ms)[0m  [1mbegin transaction[0m
  [1m[35mSQL (1.3ms)[0m  INSERT INTO "analyze_results" ("count", "created_at", "remarks", "updated_at", "wine_id", "word") VALUES (?, ?, ?, ?, ?, ?)  [["count", nil], ["created_at", Tue, 02 Apr 2013 10:04:55 UTC +00:00], ["remarks", nil], ["updated_at", Tue, 02 Apr 2013 10:04:55 UTC +00:00], ["wine_id", nil], ["word", nil]]
  [1m[36m (1.1ms)[0m  [1mcommit transaction[0m
Redirected to http://localhost:3000/wines/3
Completed 302 Found in 97ms (ActiveRecord: 19.7ms)


Started GET "/wines/3" for 127.0.0.1 at 2013-04-02 19:04:55 +0900
Processing by WinesController#show as HTML
  Parameters: {"id"=>"3"}
  [1m[35mWine Load (0.2ms)[0m  SELECT "wines".* FROM "wines" WHERE "wines"."wine_id" = ? LIMIT 1  [["wine_id", "3"]]
  Rendered wines/show.html.erb within layouts/application (3.7ms)
Completed 200 OK in 154ms (Views: 150.7ms | ActiveRecord: 0.2ms)


Started GET "/assets/application.css?body=1" for 127.0.0.1 at 2013-04-02 19:04:55 +0900
Served asset /application.css - 304 Not Modified (1ms)


Started GET "/assets/scaffolds.css?body=1" for 127.0.0.1 at 2013-04-02 19:04:55 +0900
Served asset /scaffolds.css - 304 Not Modified (0ms)


Started GET "/assets/analyze.css?body=1" for 127.0.0.1 at 2013-04-02 19:04:55 +0900
Served asset /analyze.css - 304 Not Modified (0ms)


Started GET "/assets/wines/analyze.css?body=1" for 127.0.0.1 at 2013-04-02 19:04:55 +0900
Served asset /wines/analyze.css - 304 Not Modified (0ms)


Started GET "/assets/jquery.js?body=1" for 127.0.0.1 at 2013-04-02 19:04:55 +0900
Served asset /jquery.js - 304 Not Modified (0ms)


Started GET "/assets/wines.css?body=1" for 127.0.0.1 at 2013-04-02 19:04:55 +0900
Served asset /wines.css - 304 Not Modified (0ms)


Started GET "/assets/jquery_ujs.js?body=1" for 127.0.0.1 at 2013-04-02 19:04:55 +0900
Served asset /jquery_ujs.js - 304 Not Modified (0ms)


Started GET "/assets/analyze.js?body=1" for 127.0.0.1 at 2013-04-02 19:04:55 +0900
Served asset /analyze.js - 304 Not Modified (0ms)


Started GET "/assets/wines.js?body=1" for 127.0.0.1 at 2013-04-02 19:04:55 +0900
Served asset /wines.js - 304 Not Modified (0ms)


Started GET "/assets/wines/analyze.js?body=1" for 127.0.0.1 at 2013-04-02 19:04:55 +0900
Served asset /wines/analyze.js - 304 Not Modified (0ms)


Started GET "/assets/application.js?body=1" for 127.0.0.1 at 2013-04-02 19:04:55 +0900
Served asset /application.js - 304 Not Modified (2ms)


Started GET "/wines" for 127.0.0.1 at 2013-04-02 19:04:57 +0900
Processing by WinesController#index as HTML
  [1m[36mWine Load (0.3ms)[0m  [1mSELECT "wines".* FROM "wines" [0m
  Rendered wines/index.html.erb within layouts/application (17.6ms)
Completed 200 OK in 168ms (Views: 163.8ms | ActiveRecord: 0.3ms)


Started GET "/assets/analyze.css?body=1" for 127.0.0.1 at 2013-04-02 19:04:57 +0900
Served asset /analyze.css - 304 Not Modified (0ms)


Started GET "/assets/jquery.js?body=1" for 127.0.0.1 at 2013-04-02 19:04:57 +0900
Served asset /jquery.js - 304 Not Modified (0ms)


Started GET "/assets/application.css?body=1" for 127.0.0.1 at 2013-04-02 19:04:57 +0900
Served asset /application.css - 304 Not Modified (1ms)


Started GET "/assets/wines/analyze.css?body=1" for 127.0.0.1 at 2013-04-02 19:04:57 +0900
Served asset /wines/analyze.css - 304 Not Modified (0ms)


Started GET "/assets/wines.css?body=1" for 127.0.0.1 at 2013-04-02 19:04:57 +0900
Served asset /wines.css - 304 Not Modified (0ms)


Started GET "/assets/scaffolds.css?body=1" for 127.0.0.1 at 2013-04-02 19:04:57 +0900
Served asset /scaffolds.css - 304 Not Modified (0ms)


Started GET "/assets/jquery_ujs.js?body=1" for 127.0.0.1 at 2013-04-02 19:04:57 +0900
Served asset /jquery_ujs.js - 304 Not Modified (0ms)


Started GET "/assets/analyze.js?body=1" for 127.0.0.1 at 2013-04-02 19:04:57 +0900
Served asset /analyze.js - 304 Not Modified (0ms)


Started GET "/assets/wines.js?body=1" for 127.0.0.1 at 2013-04-02 19:04:57 +0900
Served asset /wines.js - 304 Not Modified (0ms)


Started GET "/assets/wines/analyze.js?body=1" for 127.0.0.1 at 2013-04-02 19:04:57 +0900
Served asset /wines/analyze.js - 304 Not Modified (0ms)


Started GET "/assets/application.js?body=1" for 127.0.0.1 at 2013-04-02 19:04:57 +0900
Served asset /application.js - 304 Not Modified (1ms)


Started GET "/wines/analyze/3" for 127.0.0.1 at 2013-04-02 19:04:59 +0900
Processing by Wines::AnalyzeController#show as HTML
  Parameters: {"id"=>"3"}
  [1m[35mWine Load (0.4ms)[0m  SELECT "wines".* FROM "wines" 
  [1m[36mWine Load (0.4ms)[0m  [1mSELECT "wines".* FROM "wines" WHERE "wines"."wine_id" = ? LIMIT 1[0m  [["wine_id", "3"]]
  [1m[35m (0.2ms)[0m  begin transaction
  [1m[36mSQL (1.1ms)[0m  [1mINSERT INTO "analyze_results" ("count", "created_at", "remarks", "updated_at", "wine_id", "word") VALUES (?, ?, ?, ?, ?, ?)[0m  [["count", nil], ["created_at", Tue, 02 Apr 2013 10:05:01 UTC +00:00], ["remarks", nil], ["updated_at", Tue, 02 Apr 2013 10:05:01 UTC +00:00], ["wine_id", nil], ["word", nil]]
  [1m[35m (2.4ms)[0m  commit transaction
  [1m[36m (0.1ms)[0m  [1mbegin transaction[0m
  [1m[35mSQL (0.8ms)[0m  INSERT INTO "analyze_results" ("count", "created_at", "remarks", "updated_at", "wine_id", "word") VALUES (?, ?, ?, ?, ?, ?)  [["count", nil], ["created_at", Tue, 02 Apr 2013 10:05:01 UTC +00:00], ["remarks", nil], ["updated_at", Tue, 02 Apr 2013 10:05:01 UTC +00:00], ["wine_id", nil], ["word", nil]]
  [1m[36m (0.9ms)[0m  [1mcommit transaction[0m
  [1m[35m (0.1ms)[0m  begin transaction
  [1m[36mSQL (0.7ms)[0m  [1mINSERT INTO "analyze_results" ("count", "created_at", "remarks", "updated_at", "wine_id", "word") VALUES (?, ?, ?, ?, ?, ?)[0m  [["count", nil], ["created_at", Tue, 02 Apr 2013 10:05:01 UTC +00:00], ["remarks", nil], ["updated_at", Tue, 02 Apr 2013 10:05:01 UTC +00:00], ["wine_id", nil], ["word", nil]]
  [1m[35m (1.0ms)[0m  commit transaction
  [1m[36m (0.1ms)[0m  [1mbegin transaction[0m
  [1m[35mSQL (0.9ms)[0m  INSERT INTO "analyze_results" ("count", "created_at", "remarks", "updated_at", "wine_id", "word") VALUES (?, ?, ?, ?, ?, ?)  [["count", nil], ["created_at", Tue, 02 Apr 2013 10:05:01 UTC +00:00], ["remarks", nil], ["updated_at", Tue, 02 Apr 2013 10:05:01 UTC +00:00], ["wine_id", nil], ["word", nil]]
  [1m[36m (1.2ms)[0m  [1mcommit transaction[0m
  [1m[35m (0.1ms)[0m  begin transaction
  [1m[36mSQL (0.9ms)[0m  [1mINSERT INTO "analyze_results" ("count", "created_at", "remarks", "updated_at", "wine_id", "word") VALUES (?, ?, ?, ?, ?, ?)[0m  [["count", nil], ["created_at", Tue, 02 Apr 2013 10:05:06 UTC +00:00], ["remarks", nil], ["updated_at", Tue, 02 Apr 2013 10:05:06 UTC +00:00], ["wine_id", nil], ["word", nil]]
  [1m[35m (2.2ms)[0m  commit transaction
  [1m[36m (0.1ms)[0m  [1mbegin transaction[0m
  [1m[35mSQL (0.8ms)[0m  INSERT INTO "analyze_results" ("count", "created_at", "remarks", "updated_at", "wine_id", "word") VALUES (?, ?, ?, ?, ?, ?)  [["count", nil], ["created_at", Tue, 02 Apr 2013 10:05:06 UTC +00:00], ["remarks", nil], ["updated_at", Tue, 02 Apr 2013 10:05:06 UTC +00:00], ["wine_id", nil], ["word", nil]]
  [1m[36m (1.2ms)[0m  [1mcommit transaction[0m
  [1m[35m (0.1ms)[0m  begin transaction
  [1m[36mSQL (1.2ms)[0m  [1mINSERT INTO "analyze_results" ("count", "created_at", "remarks", "updated_at", "wine_id", "word") VALUES (?, ?, ?, ?, ?, ?)[0m  [["count", nil], ["created_at", Tue, 02 Apr 2013 10:05:06 UTC +00:00], ["remarks", nil], ["updated_at", Tue, 02 Apr 2013 10:05:06 UTC +00:00], ["wine_id", nil], ["word", nil]]
  [1m[35m (1.1ms)[0m  commit transaction
  [1m[36m (0.1ms)[0m  [1mbegin transaction[0m
  [1m[35mSQL (0.8ms)[0m  INSERT INTO "analyze_results" ("count", "created_at", "remarks", "updated_at", "wine_id", "word") VALUES (?, ?, ?, ?, ?, ?)  [["count", nil], ["created_at", Tue, 02 Apr 2013 10:05:06 UTC +00:00], ["remarks", nil], ["updated_at", Tue, 02 Apr 2013 10:05:06 UTC +00:00], ["wine_id", nil], ["word", nil]]
  [1m[36m (1.0ms)[0m  [1mcommit transaction[0m
  [1m[35m (0.1ms)[0m  begin transaction
  [1m[36mSQL (0.9ms)[0m  [1mINSERT INTO "analyze_results" ("count", "created_at", "remarks", "updated_at", "wine_id", "word") VALUES (?, ?, ?, ?, ?, ?)[0m  [["count", nil], ["created_at", Tue, 02 Apr 2013 10:05:10 UTC +00:00], ["remarks", nil], ["updated_at", Tue, 02 Apr 2013 10:05:10 UTC +00:00], ["wine_id", nil], ["word", nil]]
  [1m[35m (2.4ms)[0m  commit transaction
  [1m[36m (0.1ms)[0m  [1mbegin transaction[0m
  [1m[35mSQL (0.9ms)[0m  INSERT INTO "analyze_results" ("count", "created_at", "remarks", "updated_at", "wine_id", "word") VALUES (?, ?, ?, ?, ?, ?)  [["count", nil], ["created_at", Tue, 02 Apr 2013 10:05:10 UTC +00:00], ["remarks", nil], ["updated_at", Tue, 02 Apr 2013 10:05:10 UTC +00:00], ["wine_id", nil], ["word", nil]]
  [1m[36m (0.9ms)[0m  [1mcommit transaction[0m
  [1m[35m (0.2ms)[0m  begin transaction
  [1m[36mSQL (1.2ms)[0m  [1mINSERT INTO "analyze_results" ("count", "created_at", "remarks", "updated_at", "wine_id", "word") VALUES (?, ?, ?, ?, ?, ?)[0m  [["count", nil], ["created_at", Tue, 02 Apr 2013 10:05:10 UTC +00:00], ["remarks", nil], ["updated_at", Tue, 02 Apr 2013 10:05:10 UTC +00:00], ["wine_id", nil], ["word", nil]]
  [1m[35m (1.3ms)[0m  commit transaction
  [1m[36m (0.1ms)[0m  [1mbegin transaction[0m
  [1m[35mSQL (0.8ms)[0m  INSERT INTO "analyze_results" ("count", "created_at", "remarks", "updated_at", "wine_id", "word") VALUES (?, ?, ?, ?, ?, ?)  [["count", nil], ["created_at", Tue, 02 Apr 2013 10:05:10 UTC +00:00], ["remarks", nil], ["updated_at", Tue, 02 Apr 2013 10:05:10 UTC +00:00], ["wine_id", nil], ["word", nil]]
  [1m[36m (0.9ms)[0m  [1mcommit transaction[0m
  Rendered wines/analyze/show.html.erb within layouts/application (4.5ms)
Completed 200 OK in 11029ms (Views: 156.3ms | ActiveRecord: 30.0ms)


Started GET "/assets/application.css?body=1" for 127.0.0.1 at 2013-04-02 19:05:10 +0900
Served asset /application.css - 304 Not Modified (1ms)


Started GET "/assets/analyze.css?body=1" for 127.0.0.1 at 2013-04-02 19:05:10 +0900
Served asset /analyze.css - 304 Not Modified (0ms)


Started GET "/assets/scaffolds.css?body=1" for 127.0.0.1 at 2013-04-02 19:05:10 +0900
Served asset /scaffolds.css - 304 Not Modified (0ms)


Started GET "/assets/jquery.js?body=1" for 127.0.0.1 at 2013-04-02 19:05:10 +0900
Served asset /jquery.js - 304 Not Modified (0ms)


Started GET "/assets/wines.css?body=1" for 127.0.0.1 at 2013-04-02 19:05:10 +0900
Served asset /wines.css - 304 Not Modified (0ms)


Started GET "/assets/wines/analyze.css?body=1" for 127.0.0.1 at 2013-04-02 19:05:10 +0900
Served asset /wines/analyze.css - 304 Not Modified (0ms)


Started GET "/assets/jquery_ujs.js?body=1" for 127.0.0.1 at 2013-04-02 19:05:10 +0900
Served asset /jquery_ujs.js - 304 Not Modified (0ms)


Started GET "/assets/analyze.js?body=1" for 127.0.0.1 at 2013-04-02 19:05:10 +0900
Served asset /analyze.js - 304 Not Modified (0ms)


Started GET "/assets/wines.js?body=1" for 127.0.0.1 at 2013-04-02 19:05:10 +0900
Served asset /wines.js - 304 Not Modified (0ms)


Started GET "/assets/wines/analyze.js?body=1" for 127.0.0.1 at 2013-04-02 19:05:10 +0900
Served asset /wines/analyze.js - 304 Not Modified (0ms)


Started GET "/assets/application.js?body=1" for 127.0.0.1 at 2013-04-02 19:05:10 +0900
Served asset /application.js - 304 Not Modified (2ms)


Started GET "/wines/1" for 127.0.0.1 at 2013-04-02 19:12:20 +0900
Processing by WinesController#show as HTML
  Parameters: {"id"=>"1"}
  [1m[35mWine Load (0.3ms)[0m  SELECT "wines".* FROM "wines" WHERE "wines"."wine_id" = ? LIMIT 1  [["wine_id", "1"]]
  Rendered wines/show.html.erb within layouts/application (3.7ms)
Completed 200 OK in 145ms (Views: 140.6ms | ActiveRecord: 0.3ms)


Started GET "/assets/application.css?body=1" for 127.0.0.1 at 2013-04-02 19:12:20 +0900
Served asset /application.css - 304 Not Modified (1ms)


Started GET "/assets/scaffolds.css?body=1" for 127.0.0.1 at 2013-04-02 19:12:20 +0900
Served asset /scaffolds.css - 304 Not Modified (0ms)


Started GET "/assets/wines.css?body=1" for 127.0.0.1 at 2013-04-02 19:12:20 +0900
Served asset /wines.css - 304 Not Modified (0ms)


Started GET "/assets/analyze.css?body=1" for 127.0.0.1 at 2013-04-02 19:12:20 +0900
Served asset /analyze.css - 304 Not Modified (0ms)


Started GET "/assets/jquery_ujs.js?body=1" for 127.0.0.1 at 2013-04-02 19:12:20 +0900
Served asset /jquery_ujs.js - 304 Not Modified (0ms)


Started GET "/assets/jquery.js?body=1" for 127.0.0.1 at 2013-04-02 19:12:20 +0900
Served asset /jquery.js - 304 Not Modified (0ms)


Started GET "/assets/wines/analyze.css?body=1" for 127.0.0.1 at 2013-04-02 19:12:20 +0900
Served asset /wines/analyze.css - 304 Not Modified (0ms)


Started GET "/assets/wines.js?body=1" for 127.0.0.1 at 2013-04-02 19:12:20 +0900
Served asset /wines.js - 304 Not Modified (0ms)


Started GET "/assets/analyze.js?body=1" for 127.0.0.1 at 2013-04-02 19:12:20 +0900
Served asset /analyze.js - 304 Not Modified (0ms)


Started GET "/assets/wines/analyze.js?body=1" for 127.0.0.1 at 2013-04-02 19:12:20 +0900
Served asset /wines/analyze.js - 304 Not Modified (0ms)


Started GET "/assets/application.js?body=1" for 127.0.0.1 at 2013-04-02 19:12:20 +0900
Served asset /application.js - 304 Not Modified (1ms)


Started GET "/wines" for 127.0.0.1 at 2013-04-02 19:12:22 +0900
Processing by WinesController#index as HTML
  [1m[36mWine Load (0.4ms)[0m  [1mSELECT "wines".* FROM "wines" [0m
  Rendered wines/index.html.erb within layouts/application (18.5ms)
Completed 200 OK in 161ms (Views: 157.2ms | ActiveRecord: 0.4ms)


Started GET "/assets/analyze.css?body=1" for 127.0.0.1 at 2013-04-02 19:12:23 +0900
Served asset /analyze.css - 304 Not Modified (0ms)


Started GET "/assets/wines.css?body=1" for 127.0.0.1 at 2013-04-02 19:12:23 +0900
Served asset /wines.css - 304 Not Modified (0ms)


Started GET "/assets/scaffolds.css?body=1" for 127.0.0.1 at 2013-04-02 19:12:23 +0900
Served asset /scaffolds.css - 304 Not Modified (0ms)


Started GET "/assets/wines/analyze.css?body=1" for 127.0.0.1 at 2013-04-02 19:12:23 +0900
Served asset /wines/analyze.css - 304 Not Modified (0ms)


Started GET "/assets/jquery.js?body=1" for 127.0.0.1 at 2013-04-02 19:12:23 +0900
Served asset /jquery.js - 304 Not Modified (0ms)


Started GET "/assets/application.css?body=1" for 127.0.0.1 at 2013-04-02 19:12:23 +0900
Served asset /application.css - 304 Not Modified (1ms)


Started GET "/assets/jquery_ujs.js?body=1" for 127.0.0.1 at 2013-04-02 19:12:23 +0900
Served asset /jquery_ujs.js - 304 Not Modified (0ms)


Started GET "/assets/analyze.js?body=1" for 127.0.0.1 at 2013-04-02 19:12:23 +0900
Served asset /analyze.js - 304 Not Modified (0ms)


Started GET "/assets/wines.js?body=1" for 127.0.0.1 at 2013-04-02 19:12:23 +0900
Served asset /wines.js - 304 Not Modified (0ms)


Started GET "/assets/application.js?body=1" for 127.0.0.1 at 2013-04-02 19:12:23 +0900
Served asset /application.js - 304 Not Modified (1ms)


Started GET "/assets/wines/analyze.js?body=1" for 127.0.0.1 at 2013-04-02 19:12:23 +0900
Served asset /wines/analyze.js - 304 Not Modified (0ms)


Started GET "/wines/analyze/1" for 127.0.0.1 at 2013-04-02 19:12:26 +0900
Processing by Wines::AnalyzeController#show as HTML
  Parameters: {"id"=>"1"}
  [1m[35mWine Load (0.3ms)[0m  SELECT "wines".* FROM "wines" 
  [1m[36mWine Load (0.2ms)[0m  [1mSELECT "wines".* FROM "wines" WHERE "wines"."wine_id" = ? LIMIT 1[0m  [["wine_id", "1"]]
  [1m[35m (0.1ms)[0m  begin transaction
  [1m[36mSQL (0.8ms)[0m  [1mINSERT INTO "analyze_results" ("count", "created_at", "remarks", "updated_at", "wine_id", "word") VALUES (?, ?, ?, ?, ?, ?)[0m  [["count", nil], ["created_at", Tue, 02 Apr 2013 10:12:26 UTC +00:00], ["remarks", nil], ["updated_at", Tue, 02 Apr 2013 10:12:26 UTC +00:00], ["wine_id", nil], ["word", nil]]
  [1m[35m (2.6ms)[0m  commit transaction
  [1m[36m (0.1ms)[0m  [1mbegin transaction[0m
  [1m[35mSQL (0.8ms)[0m  INSERT INTO "analyze_results" ("count", "created_at", "remarks", "updated_at", "wine_id", "word") VALUES (?, ?, ?, ?, ?, ?)  [["count", nil], ["created_at", Tue, 02 Apr 2013 10:12:26 UTC +00:00], ["remarks", nil], ["updated_at", Tue, 02 Apr 2013 10:12:26 UTC +00:00], ["wine_id", nil], ["word", nil]]
  [1m[36m (0.9ms)[0m  [1mcommit transaction[0m
  [1m[35m (0.2ms)[0m  begin transaction
  [1m[36mSQL (1.0ms)[0m  [1mINSERT INTO "analyze_results" ("count", "created_at", "remarks", "updated_at", "wine_id", "word") VALUES (?, ?, ?, ?, ?, ?)[0m  [["count", nil], ["created_at", Tue, 02 Apr 2013 10:12:26 UTC +00:00], ["remarks", nil], ["updated_at", Tue, 02 Apr 2013 10:12:26 UTC +00:00], ["wine_id", nil], ["word", nil]]
  [1m[35m (0.9ms)[0m  commit transaction
  Rendered wines/analyze/show.html.erb within layouts/application (5.1ms)
Completed 200 OK in 188ms (Views: 147.7ms | ActiveRecord: 8.1ms)


Started GET "/assets/analyze.css?body=1" for 127.0.0.1 at 2013-04-02 19:12:26 +0900
Served asset /analyze.css - 304 Not Modified (0ms)


Started GET "/assets/scaffolds.css?body=1" for 127.0.0.1 at 2013-04-02 19:12:26 +0900
Served asset /scaffolds.css - 304 Not Modified (0ms)


Started GET "/assets/wines/analyze.css?body=1" for 127.0.0.1 at 2013-04-02 19:12:26 +0900
Served asset /wines/analyze.css - 304 Not Modified (0ms)


Started GET "/assets/application.css?body=1" for 127.0.0.1 at 2013-04-02 19:12:26 +0900
Served asset /application.css - 304 Not Modified (1ms)


Started GET "/assets/jquery.js?body=1" for 127.0.0.1 at 2013-04-02 19:12:26 +0900
Served asset /jquery.js - 304 Not Modified (0ms)


Started GET "/assets/wines.css?body=1" for 127.0.0.1 at 2013-04-02 19:12:26 +0900
Served asset /wines.css - 304 Not Modified (0ms)


Started GET "/assets/jquery_ujs.js?body=1" for 127.0.0.1 at 2013-04-02 19:12:26 +0900
Served asset /jquery_ujs.js - 304 Not Modified (0ms)


Started GET "/assets/analyze.js?body=1" for 127.0.0.1 at 2013-04-02 19:12:26 +0900
Served asset /analyze.js - 304 Not Modified (0ms)


Started GET "/assets/wines.js?body=1" for 127.0.0.1 at 2013-04-02 19:12:26 +0900
Served asset /wines.js - 304 Not Modified (0ms)


Started GET "/assets/wines/analyze.js?body=1" for 127.0.0.1 at 2013-04-02 19:12:26 +0900
Served asset /wines/analyze.js - 304 Not Modified (0ms)


Started GET "/assets/application.js?body=1" for 127.0.0.1 at 2013-04-02 19:12:26 +0900
Served asset /application.js - 304 Not Modified (1ms)


Started GET "/wines" for 127.0.0.1 at 2013-04-02 19:12:36 +0900
Processing by WinesController#index as HTML
  [1m[36mWine Load (0.4ms)[0m  [1mSELECT "wines".* FROM "wines" [0m
  Rendered wines/index.html.erb within layouts/application (16.3ms)
Completed 200 OK in 120ms (Views: 116.7ms | ActiveRecord: 0.4ms)


Started GET "/assets/analyze.css?body=1" for 127.0.0.1 at 2013-04-02 19:12:37 +0900
Served asset /analyze.css - 304 Not Modified (0ms)


Started GET "/assets/wines/analyze.css?body=1" for 127.0.0.1 at 2013-04-02 19:12:37 +0900
Served asset /wines/analyze.css - 304 Not Modified (0ms)


Started GET "/assets/jquery.js?body=1" for 127.0.0.1 at 2013-04-02 19:12:37 +0900
Served asset /jquery.js - 304 Not Modified (0ms)


Started GET "/assets/scaffolds.css?body=1" for 127.0.0.1 at 2013-04-02 19:12:37 +0900
Served asset /scaffolds.css - 304 Not Modified (0ms)


Started GET "/assets/wines.css?body=1" for 127.0.0.1 at 2013-04-02 19:12:37 +0900
Served asset /wines.css - 304 Not Modified (0ms)


Started GET "/assets/application.css?body=1" for 127.0.0.1 at 2013-04-02 19:12:37 +0900
Served asset /application.css - 304 Not Modified (1ms)


Started GET "/assets/jquery_ujs.js?body=1" for 127.0.0.1 at 2013-04-02 19:12:37 +0900
Served asset /jquery_ujs.js - 304 Not Modified (0ms)


Started GET "/assets/analyze.js?body=1" for 127.0.0.1 at 2013-04-02 19:12:37 +0900
Served asset /analyze.js - 304 Not Modified (0ms)


Started GET "/assets/wines.js?body=1" for 127.0.0.1 at 2013-04-02 19:12:37 +0900
Served asset /wines.js - 304 Not Modified (0ms)


Started GET "/assets/wines/analyze.js?body=1" for 127.0.0.1 at 2013-04-02 19:12:37 +0900
Served asset /wines/analyze.js - 304 Not Modified (0ms)


Started GET "/assets/application.js?body=1" for 127.0.0.1 at 2013-04-02 19:12:37 +0900
Served asset /application.js - 304 Not Modified (1ms)
